<html>
<body>
<pre>
<h1>Vision Build Log</h1>
<h2>Tool Versions:</h2>
IDE-Version: Vision V5.37.0.0
Copyright (C) 2022 ARM Ltd and ARM Germany GmbH. All rights reserved.
License Information: a Hensel, a, LIC=ATTQ1-CQJMB-BSVYX-HUDSX-3FT81-ZAIPR
 
Tool Versions:
Toolchain:       MDK-ARM Plus  Version: 5.37.0.0
Toolchain Path:  D:\Program Files\Keil5\ARM\ARMCLANG\Bin
C Compiler:      ArmClang.exe V6.18
Assembler:       Armasm.exe V6.18
Linker/Locator:  ArmLink.exe V6.18
Library Manager: ArmAr.exe V6.18
Hex Converter:   FromElf.exe V6.18
CPU DLL:         SARMCM3.DLL V5.37.0.0
Dialog DLL:      DCM.DLL V1.17.5.0
Target DLL:      Segger\JL2CM3.dll V2.99.42.0
Dialog DLL:      TCM.DLL V1.56.1.0
 
<h2>Project:</h2>
D:\Document\LocalNuts - 副本\zju_Rehabilitation\廖恒\【11】下位机程序\stm32程序\emg_sampling_program\user\sdadc.uvproj
Project File Date:  07/10/2022

<h2>Output:</h2>
*** Using Compiler 'V6.18', folder: 'D:\Program Files\Keil5\ARM\ARMCLANG\Bin'
Build target 'Target 1'
../stm32f3/system_stm32f37x.c(102): warning: In file included from...
D:/Program Files/Keil5/ARM/INC/ST/STM32F37x\stm32f37x.h(239): warning: In file included from...
D:/Program Files/Keil5/ARM/CMSIS/Include\core_cm4.h(187): warning: In file included from...
D:/Program Files/Keil5/ARM/CMSIS/Include\core_cmInstr.h(312): error: unknown type name 'inline'
__attribute__( ( always_inline ) ) __STATIC_INLINE void __NOP(void)
                                   ^
D:/Program Files/Keil5/ARM/CMSIS/Include\core_cm4.h(87): note: expanded from macro '__STATIC_INLINE'
  #define __STATIC_INLINE  static inline
                                  ^
../stm32f3/system_stm32f37x.c(102): warning: In file included from...
D:/Program Files/Keil5/ARM/INC/ST/STM32F37x\stm32f37x.h(239): warning: In file included from...
D:/Program Files/Keil5/ARM/CMSIS/Include\core_cm4.h(187): warning: In file included from...
D:/Program Files/Keil5/ARM/CMSIS/Include\core_cmInstr.h(323): error: unknown type name 'inline'
__attribute__( ( always_inline ) ) __STATIC_INLINE void __WFI(void)
                                   ^
D:/Program Files/Keil5/ARM/CMSIS/Include\core_cm4.h(87): note: expanded from macro '__STATIC_INLINE'
  #define __STATIC_INLINE  static inline
                                  ^
../stm32f3/system_stm32f37x.c(102): warning: In file included from...
D:/Program Files/Keil5/ARM/INC/ST/STM32F37x\stm32f37x.h(239): warning: In file included from...
D:/Program Files/Keil5/ARM/CMSIS/Include\core_cm4.h(187): warning: In file included from...
D:/Program Files/Keil5/ARM/CMSIS/Include\core_cmInstr.h(334): error: unknown type name 'inline'
__attribute__( ( always_inline ) ) __STATIC_INLINE void __WFE(void)
                                   ^
D:/Program Files/Keil5/ARM/CMSIS/Include\core_cm4.h(87): note: expanded from macro '__STATIC_INLINE'
  #define __STATIC_INLINE  static inline
                                  ^
../stm32f3/system_stm32f37x.c(102): warning: In file included from...
D:/Program Files/Keil5/ARM/INC/ST/STM32F37x\stm32f37x.h(239): warning: In file included from...
D:/Program Files/Keil5/ARM/CMSIS/Include\core_cm4.h(187): warning: In file included from...
D:/Program Files/Keil5/ARM/CMSIS/Include\core_cmInstr.h(344): error: unknown type name 'inline'
__attribute__( ( always_inline ) ) __STATIC_INLINE void __SEV(void)
                                   ^
D:/Program Files/Keil5/ARM/CMSIS/Include\core_cm4.h(87): note: expanded from macro '__STATIC_INLINE'
  #define __STATIC_INLINE  static inline
                                  ^
../stm32f3/system_stm32f37x.c(102): warning: In file included from...
D:/Program Files/Keil5/ARM/INC/ST/STM32F37x\stm32f37x.h(239): warning: In file included from...
D:/Program Files/Keil5/ARM/CMSIS/Include\core_cm4.h(187): warning: In file included from...
D:/Program Files/Keil5/ARM/CMSIS/Include\core_cmInstr.h(356): error: unknown type name 'inline'
__attribute__( ( always_inline ) ) __STATIC_INLINE void __ISB(void)
                                   ^
D:/Program Files/Keil5/ARM/CMSIS/Include\core_cm4.h(87): note: expanded from macro '__STATIC_INLINE'
  #define __STATIC_INLINE  static inline
                                  ^
../stm32f3/system_stm32f37x.c(102): warning: In file included from...
D:/Program Files/Keil5/ARM/INC/ST/STM32F37x\stm32f37x.h(239): warning: In file included from...
D:/Program Files/Keil5/ARM/CMSIS/Include\core_cm4.h(187): warning: In file included from...
D:/Program Files/Keil5/ARM/CMSIS/Include\core_cmInstr.h(367): error: unknown type name 'inline'
__attribute__( ( always_inline ) ) __STATIC_INLINE void __DSB(void)
                                   ^
D:/Program Files/Keil5/ARM/CMSIS/Include\core_cm4.h(87): note: expanded from macro '__STATIC_INLINE'
  #define __STATIC_INLINE  static inline
                                  ^
../stm32f3/system_stm32f37x.c(102): warning: In file included from...
D:/Program Files/Keil5/ARM/INC/ST/STM32F37x\stm32f37x.h(239): warning: In file included from...
D:/Program Files/Keil5/ARM/CMSIS/Include\core_cm4.h(187): warning: In file included from...
D:/Program Files/Keil5/ARM/CMSIS/Include\core_cmInstr.h(378): error: unknown type name 'inline'
__attribute__( ( always_inline ) ) __STATIC_INLINE void __DMB(void)
                                   ^
D:/Program Files/Keil5/ARM/CMSIS/Include\core_cm4.h(87): note: expanded from macro '__STATIC_INLINE'
  #define __STATIC_INLINE  static inline
                                  ^
../stm32f3/system_stm32f37x.c(102): warning: In file included from...
D:/Program Files/Keil5/ARM/INC/ST/STM32F37x\stm32f37x.h(239): warning: In file included from...
D:/Program Files/Keil5/ARM/CMSIS/Include\core_cm4.h(187): warning: In file included from...
D:/Program Files/Keil5/ARM/CMSIS/Include\core_cmInstr.h(391): error: unknown type name 'inline'
__attribute__( ( always_inline ) ) __STATIC_INLINE uint32_t __REV(uint32_t value)
                                   ^
D:/Program Files/Keil5/ARM/CMSIS/Include\core_cm4.h(87): note: expanded from macro '__STATIC_INLINE'
  #define __STATIC_INLINE  static inline
                                  ^
../stm32f3/system_stm32f37x.c(102): warning: In file included from...
D:/Program Files/Keil5/ARM/INC/ST/STM32F37x\stm32f37x.h(239): warning: In file included from...
D:/Program Files/Keil5/ARM/CMSIS/Include\core_cm4.h(187): warning: In file included from...
D:/Program Files/Keil5/ARM/CMSIS/Include\core_cmInstr.h(391): warning: 'always_inline' attribute only applies to functions [-Wignored-attributes]
__attribute__( ( always_inline ) ) __STATIC_INLINE uint32_t __REV(uint32_t value)
                 ^
D:/Program Files/Keil5/ARM/CMSIS/Include\core_cmInstr.h(391): error: expected ';' after top level declarator
__attribute__( ( always_inline ) ) __STATIC_INLINE uint32_t __REV(uint32_t value)
                                                           ^
                                                           ;
../stm32f3/system_stm32f37x.c(102): warning: In file included from...
D:/Program Files/Keil5/ARM/INC/ST/STM32F37x\stm32f37x.h(239): warning: In file included from...
D:/Program Files/Keil5/ARM/CMSIS/Include\core_cm4.h(1453): error: unknown type name 'inline'
__STATIC_INLINE void NVIC_SetPriorityGrouping(uint32_t PriorityGroup)
^
D:/Program Files/Keil5/ARM/CMSIS/Include\core_cm4.h(87): note: expanded from macro '__STATIC_INLINE'
  #define __STATIC_INLINE  static inline
                                  ^
D:/Program Files/Keil5/ARM/CMSIS/Include\core_cm4.h(1473): error: unknown type name 'inline'
__STATIC_INLINE uint32_t NVIC_GetPriorityGrouping(void)
^
D:/Program Files/Keil5/ARM/CMSIS/Include\core_cm4.h(87): note: expanded from macro '__STATIC_INLINE'
  #define __STATIC_INLINE  static inline
                                  ^
D:/Program Files/Keil5/ARM/CMSIS/Include\core_cm4.h(1473): error: expected ';' after top level declarator
__STATIC_INLINE uint32_t NVIC_GetPriorityGrouping(void)
                        ^
                        ;
D:/Program Files/Keil5/ARM/CMSIS/Include\core_cm4.h(1735): error: unknown type name 'inline'
__STATIC_INLINE uint32_t ITM_SendChar (uint32_t ch)
^
D:/Program Files/Keil5/ARM/CMSIS/Include\core_cm4.h(87): note: expanded from macro '__STATIC_INLINE'
  #define __STATIC_INLINE  static inline
                                  ^
D:/Program Files/Keil5/ARM/CMSIS/Include\core_cm4.h(1735): error: expected ';' after top level declarator
__STATIC_INLINE uint32_t ITM_SendChar (uint32_t ch)
                        ^
                        ;
1 warning and 14 errors generated.
compiling system_stm32f37x.c...
../lib/src/stm32f37x_gpio.c(76): warning: In file included from...
../lib/inc\stm32f37x_gpio.h(38): warning: In file included from...
D:/Program Files/Keil5/ARM/INC/ST/STM32F37x\stm32f37x.h(239): warning: In file included from...
D:/Program Files/Keil5/ARM/CMSIS/Include\core_cm4.h(187): warning: In file included from...
D:/Program Files/Keil5/ARM/CMSIS/Include\core_cmInstr.h(312): error: unknown type name 'inline'
__attribute__( ( always_inline ) ) __STATIC_INLINE void __NOP(void)
                                   ^
D:/Program Files/Keil5/ARM/CMSIS/Include\core_cm4.h(87): note: expanded from macro '__STATIC_INLINE'
  #define __STATIC_INLINE  static inline
                                  ^
../lib/src/stm32f37x_gpio.c(76): warning: In file included from...
../lib/inc\stm32f37x_gpio.h(38): warning: In file included from...
D:/Program Files/Keil5/ARM/INC/ST/STM32F37x\stm32f37x.h(239): warning: In file included from...
D:/Program Files/Keil5/ARM/CMSIS/Include\core_cm4.h(187): warning: In file included from...
D:/Program Files/Keil5/ARM/CMSIS/Include\core_cmInstr.h(323): error: unknown type name 'inline'
__attribute__( ( always_inline ) ) __STATIC_INLINE void __WFI(void)
                                   ^
D:/Program Files/Keil5/ARM/CMSIS/Include\core_cm4.h(87): note: expanded from macro '__STATIC_INLINE'
  #define __STATIC_INLINE  static inline
                                  ^
../lib/src/stm32f37x_gpio.c(76): warning: In file included from...
../lib/inc\stm32f37x_gpio.h(38): warning: In file included from...
D:/Program Files/Keil5/ARM/INC/ST/STM32F37x\stm32f37x.h(239): warning: In file included from...
D:/Program Files/Keil5/ARM/CMSIS/Include\core_cm4.h(187): warning: In file included from...
D:/Program Files/Keil5/ARM/CMSIS/Include\core_cmInstr.h(334): error: unknown type name 'inline'
__attribute__( ( always_inline ) ) __STATIC_INLINE void __WFE(void)
                                   ^
D:/Program Files/Keil5/ARM/CMSIS/Include\core_cm4.h(87): note: expanded from macro '__STATIC_INLINE'
  #define __STATIC_INLINE  static inline
                                  ^
../lib/src/stm32f37x_gpio.c(76): warning: In file included from...
../lib/inc\stm32f37x_gpio.h(38): warning: In file included from...
D:/Program Files/Keil5/ARM/INC/ST/STM32F37x\stm32f37x.h(239): warning: In file included from...
D:/Program Files/Keil5/ARM/CMSIS/Include\core_cm4.h(187): warning: In file included from...
D:/Program Files/Keil5/ARM/CMSIS/Include\core_cmInstr.h(344): error: unknown type name 'inline'
__attribute__( ( always_inline ) ) __STATIC_INLINE void __SEV(void)
                                   ^
D:/Program Files/Keil5/ARM/CMSIS/Include\core_cm4.h(87): note: expanded from macro '__STATIC_INLINE'
  #define __STATIC_INLINE  static inline
                                  ^
../lib/src/stm32f37x_gpio.c(76): warning: In file included from...
../lib/inc\stm32f37x_gpio.h(38): warning: In file included from...
D:/Program Files/Keil5/ARM/INC/ST/STM32F37x\stm32f37x.h(239): warning: In file included from...
D:/Program Files/Keil5/ARM/CMSIS/Include\core_cm4.h(187): warning: In file included from...
D:/Program Files/Keil5/ARM/CMSIS/Include\core_cmInstr.h(356): error: unknown type name 'inline'
__attribute__( ( always_inline ) ) __STATIC_INLINE void __ISB(void)
                                   ^
D:/Program Files/Keil5/ARM/CMSIS/Include\core_cm4.h(87): note: expanded from macro '__STATIC_INLINE'
  #define __STATIC_INLINE  static inline
                                  ^
../lib/src/stm32f37x_gpio.c(76): warning: In file included from...
../lib/inc\stm32f37x_gpio.h(38): warning: In file included from...
D:/Program Files/Keil5/ARM/INC/ST/STM32F37x\stm32f37x.h(239): warning: In file included from...
D:/Program Files/Keil5/ARM/CMSIS/Include\core_cm4.h(187): warning: In file included from...
D:/Program Files/Keil5/ARM/CMSIS/Include\core_cmInstr.h(367): error: unknown type name 'inline'
__attribute__( ( always_inline ) ) __STATIC_INLINE void __DSB(void)
                                   ^
D:/Program Files/Keil5/ARM/CMSIS/Include\core_cm4.h(87): note: expanded from macro '__STATIC_INLINE'
  #define __STATIC_INLINE  static inline
                                  ^
../lib/src/stm32f37x_gpio.c(76): warning: In file included from...
../lib/inc\stm32f37x_gpio.h(38): warning: In file included from...
D:/Program Files/Keil5/ARM/INC/ST/STM32F37x\stm32f37x.h(239): warning: In file included from...
D:/Program Files/Keil5/ARM/CMSIS/Include\core_cm4.h(187): warning: In file included from...
D:/Program Files/Keil5/ARM/CMSIS/Include\core_cmInstr.h(378): error: unknown type name 'inline'
__attribute__( ( always_inline ) ) __STATIC_INLINE void __DMB(void)
                                   ^
D:/Program Files/Keil5/ARM/CMSIS/Include\core_cm4.h(87): note: expanded from macro '__STATIC_INLINE'
  #define __STATIC_INLINE  static inline
                                  ^
../lib/src/stm32f37x_gpio.c(76): warning: In file included from...
../lib/inc\stm32f37x_gpio.h(38): warning: In file included from...
D:/Program Files/Keil5/ARM/INC/ST/STM32F37x\stm32f37x.h(239): warning: In file included from...
D:/Program Files/Keil5/ARM/CMSIS/Include\core_cm4.h(187): warning: In file included from...
D:/Program Files/Keil5/ARM/CMSIS/Include\core_cmInstr.h(391): error: unknown type name 'inline'
__attribute__( ( always_inline ) ) __STATIC_INLINE uint32_t __REV(uint32_t value)
                                   ^
D:/Program Files/Keil5/ARM/CMSIS/Include\core_cm4.h(87): note: expanded from macro '__STATIC_INLINE'
  #define __STATIC_INLINE  static inline
                                  ^
../lib/src/stm32f37x_gpio.c(76): warning: In file included from...
../lib/inc\stm32f37x_gpio.h(38): warning: In file included from...
D:/Program Files/Keil5/ARM/INC/ST/STM32F37x\stm32f37x.h(239): warning: In file included from...
D:/Program Files/Keil5/ARM/CMSIS/Include\core_cm4.h(187): warning: In file included from...
D:/Program Files/Keil5/ARM/CMSIS/Include\core_cmInstr.h(391): warning: 'always_inline' attribute only applies to functions [-Wignored-attributes]
__attribute__( ( always_inline ) ) __STATIC_INLINE uint32_t __REV(uint32_t value)
                 ^
D:/Program Files/Keil5/ARM/CMSIS/Include\core_cmInstr.h(391): error: expected ';' after top level declarator
__attribute__( ( always_inline ) ) __STATIC_INLINE uint32_t __REV(uint32_t value)
                                                           ^
                                                           ;
../lib/src/stm32f37x_gpio.c(76): warning: In file included from...
../lib/inc\stm32f37x_gpio.h(38): warning: In file included from...
D:/Program Files/Keil5/ARM/INC/ST/STM32F37x\stm32f37x.h(239): warning: In file included from...
D:/Program Files/Keil5/ARM/CMSIS/Include\core_cm4.h(1453): error: unknown type name 'inline'
__STATIC_INLINE void NVIC_SetPriorityGrouping(uint32_t PriorityGroup)
^
D:/Program Files/Keil5/ARM/CMSIS/Include\core_cm4.h(87): note: expanded from macro '__STATIC_INLINE'
  #define __STATIC_INLINE  static inline
                                  ^
D:/Program Files/Keil5/ARM/CMSIS/Include\core_cm4.h(1473): error: unknown type name 'inline'
__STATIC_INLINE uint32_t NVIC_GetPriorityGrouping(void)
^
D:/Program Files/Keil5/ARM/CMSIS/Include\core_cm4.h(87): note: expanded from macro '__STATIC_INLINE'
  #define __STATIC_INLINE  static inline
                                  ^
D:/Program Files/Keil5/ARM/CMSIS/Include\core_cm4.h(1473): error: expected ';' after top level declarator
__STATIC_INLINE uint32_t NVIC_GetPriorityGrouping(void)
                        ^
                        ;
D:/Program Files/Keil5/ARM/CMSIS/Include\core_cm4.h(1735): error: unknown type name 'inline'
__STATIC_INLINE uint32_t ITM_SendChar (uint32_t ch)
^
D:/Program Files/Keil5/ARM/CMSIS/Include\core_cm4.h(87): note: expanded from macro '__STATIC_INLINE'
  #define __STATIC_INLINE  static inline
                                  ^
D:/Program Files/Keil5/ARM/CMSIS/Include\core_cm4.h(1735): error: expected ';' after top level declarator
__STATIC_INLINE uint32_t ITM_SendChar (uint32_t ch)
                        ^
                        ;
1 warning and 14 errors generated.
compiling stm32f37x_gpio.c...
../stm32f3/stm32f37x_it.c(31): warning: In file included from...
../stm32f3/stm32f37x_it.h(37): warning: In file included from...
D:/Program Files/Keil5/ARM/INC/ST/STM32F37x\stm32f37x.h(239): warning: In file included from...
D:/Program Files/Keil5/ARM/CMSIS/Include\core_cm4.h(187): warning: In file included from...
D:/Program Files/Keil5/ARM/CMSIS/Include\core_cmInstr.h(312): error: unknown type name 'inline'
__attribute__( ( always_inline ) ) __STATIC_INLINE void __NOP(void)
                                   ^
D:/Program Files/Keil5/ARM/CMSIS/Include\core_cm4.h(87): note: expanded from macro '__STATIC_INLINE'
  #define __STATIC_INLINE  static inline
                                  ^
../stm32f3/stm32f37x_it.c(31): warning: In file included from...
../stm32f3/stm32f37x_it.h(37): warning: In file included from...
D:/Program Files/Keil5/ARM/INC/ST/STM32F37x\stm32f37x.h(239): warning: In file included from...
D:/Program Files/Keil5/ARM/CMSIS/Include\core_cm4.h(187): warning: In file included from...
D:/Program Files/Keil5/ARM/CMSIS/Include\core_cmInstr.h(323): error: unknown type name 'inline'
__attribute__( ( always_inline ) ) __STATIC_INLINE void __WFI(void)
                                   ^
D:/Program Files/Keil5/ARM/CMSIS/Include\core_cm4.h(87): note: expanded from macro '__STATIC_INLINE'
  #define __STATIC_INLINE  static inline
                                  ^
../stm32f3/stm32f37x_it.c(31): warning: In file included from...
../stm32f3/stm32f37x_it.h(37): warning: In file included from...
D:/Program Files/Keil5/ARM/INC/ST/STM32F37x\stm32f37x.h(239): warning: In file included from...
D:/Program Files/Keil5/ARM/CMSIS/Include\core_cm4.h(187): warning: In file included from...
D:/Program Files/Keil5/ARM/CMSIS/Include\core_cmInstr.h(334): error: unknown type name 'inline'
__attribute__( ( always_inline ) ) __STATIC_INLINE void __WFE(void)
                                   ^
D:/Program Files/Keil5/ARM/CMSIS/Include\core_cm4.h(87): note: expanded from macro '__STATIC_INLINE'
  #define __STATIC_INLINE  static inline
                                  ^
../stm32f3/stm32f37x_it.c(31): warning: In file included from...
../stm32f3/stm32f37x_it.h(37): warning: In file included from...
D:/Program Files/Keil5/ARM/INC/ST/STM32F37x\stm32f37x.h(239): warning: In file included from...
D:/Program Files/Keil5/ARM/CMSIS/Include\core_cm4.h(187): warning: In file included from...
D:/Program Files/Keil5/ARM/CMSIS/Include\core_cmInstr.h(344): error: unknown type name 'inline'
__attribute__( ( always_inline ) ) __STATIC_INLINE void __SEV(void)
                                   ^
D:/Program Files/Keil5/ARM/CMSIS/Include\core_cm4.h(87): note: expanded from macro '__STATIC_INLINE'
  #define __STATIC_INLINE  static inline
                                  ^
../stm32f3/stm32f37x_it.c(31): warning: In file included from...
../stm32f3/stm32f37x_it.h(37): warning: In file included from...
D:/Program Files/Keil5/ARM/INC/ST/STM32F37x\stm32f37x.h(239): warning: In file included from...
D:/Program Files/Keil5/ARM/CMSIS/Include\core_cm4.h(187): warning: In file included from...
D:/Program Files/Keil5/ARM/CMSIS/Include\core_cmInstr.h(356): error: unknown type name 'inline'
__attribute__( ( always_inline ) ) __STATIC_INLINE void __ISB(void)
                                   ^
D:/Program Files/Keil5/ARM/CMSIS/Include\core_cm4.h(87): note: expanded from macro '__STATIC_INLINE'
  #define __STATIC_INLINE  static inline
                                  ^
../stm32f3/stm32f37x_it.c(31): warning: In file included from...
../stm32f3/stm32f37x_it.h(37): warning: In file included from...
D:/Program Files/Keil5/ARM/INC/ST/STM32F37x\stm32f37x.h(239): warning: In file included from...
D:/Program Files/Keil5/ARM/CMSIS/Include\core_cm4.h(187): warning: In file included from...
D:/Program Files/Keil5/ARM/CMSIS/Include\core_cmInstr.h(367): error: unknown type name 'inline'
__attribute__( ( always_inline ) ) __STATIC_INLINE void __DSB(void)
                                   ^
D:/Program Files/Keil5/ARM/CMSIS/Include\core_cm4.h(87): note: expanded from macro '__STATIC_INLINE'
  #define __STATIC_INLINE  static inline
                                  ^
../stm32f3/stm32f37x_it.c(31): warning: In file included from...
../stm32f3/stm32f37x_it.h(37): warning: In file included from...
D:/Program Files/Keil5/ARM/INC/ST/STM32F37x\stm32f37x.h(239): warning: In file included from...
D:/Program Files/Keil5/ARM/CMSIS/Include\core_cm4.h(187): warning: In file included from...
D:/Program Files/Keil5/ARM/CMSIS/Include\core_cmInstr.h(378): error: unknown type name 'inline'
__attribute__( ( always_inline ) ) __STATIC_INLINE void __DMB(void)
                                   ^
D:/Program Files/Keil5/ARM/CMSIS/Include\core_cm4.h(87): note: expanded from macro '__STATIC_INLINE'
  #define __STATIC_INLINE  static inline
                                  ^
../stm32f3/stm32f37x_it.c(31): warning: In file included from...
../stm32f3/stm32f37x_it.h(37): warning: In file included from...
D:/Program Files/Keil5/ARM/INC/ST/STM32F37x\stm32f37x.h(239): warning: In file included from...
D:/Program Files/Keil5/ARM/CMSIS/Include\core_cm4.h(187): warning: In file included from...
D:/Program Files/Keil5/ARM/CMSIS/Include\core_cmInstr.h(391): error: unknown type name 'inline'
__attribute__( ( always_inline ) ) __STATIC_INLINE uint32_t __REV(uint32_t value)
                                   ^
D:/Program Files/Keil5/ARM/CMSIS/Include\core_cm4.h(87): note: expanded from macro '__STATIC_INLINE'
  #define __STATIC_INLINE  static inline
                                  ^
../stm32f3/stm32f37x_it.c(31): warning: In file included from...
../stm32f3/stm32f37x_it.h(37): warning: In file included from...
D:/Program Files/Keil5/ARM/INC/ST/STM32F37x\stm32f37x.h(239): warning: In file included from...
D:/Program Files/Keil5/ARM/CMSIS/Include\core_cm4.h(187): warning: In file included from...
D:/Program Files/Keil5/ARM/CMSIS/Include\core_cmInstr.h(391): warning: 'always_inline' attribute only applies to functions [-Wignored-attributes]
__attribute__( ( always_inline ) ) __STATIC_INLINE uint32_t __REV(uint32_t value)
                 ^
D:/Program Files/Keil5/ARM/CMSIS/Include\core_cmInstr.h(391): error: expected ';' after top level declarator
__attribute__( ( always_inline ) ) __STATIC_INLINE uint32_t __REV(uint32_t value)
                                                           ^
                                                           ;
../stm32f3/stm32f37x_it.c(31): warning: In file included from...
../stm32f3/stm32f37x_it.h(37): warning: In file included from...
D:/Program Files/Keil5/ARM/INC/ST/STM32F37x\stm32f37x.h(239): warning: In file included from...
D:/Program Files/Keil5/ARM/CMSIS/Include\core_cm4.h(1453): error: unknown type name 'inline'
__STATIC_INLINE void NVIC_SetPriorityGrouping(uint32_t PriorityGroup)
^
D:/Program Files/Keil5/ARM/CMSIS/Include\core_cm4.h(87): note: expanded from macro '__STATIC_INLINE'
  #define __STATIC_INLINE  static inline
                                  ^
D:/Program Files/Keil5/ARM/CMSIS/Include\core_cm4.h(1473): error: unknown type name 'inline'
__STATIC_INLINE uint32_t NVIC_GetPriorityGrouping(void)
^
D:/Program Files/Keil5/ARM/CMSIS/Include\core_cm4.h(87): note: expanded from macro '__STATIC_INLINE'
  #define __STATIC_INLINE  static inline
                                  ^
D:/Program Files/Keil5/ARM/CMSIS/Include\core_cm4.h(1473): error: expected ';' after top level declarator
__STATIC_INLINE uint32_t NVIC_GetPriorityGrouping(void)
                        ^
                        ;
D:/Program Files/Keil5/ARM/CMSIS/Include\core_cm4.h(1735): error: unknown type name 'inline'
__STATIC_INLINE uint32_t ITM_SendChar (uint32_t ch)
^
D:/Program Files/Keil5/ARM/CMSIS/Include\core_cm4.h(87): note: expanded from macro '__STATIC_INLINE'
  #define __STATIC_INLINE  static inline
                                  ^
D:/Program Files/Keil5/ARM/CMSIS/Include\core_cm4.h(1735): error: expected ';' after top level declarator
__STATIC_INLINE uint32_t ITM_SendChar (uint32_t ch)
                        ^
                        ;
../stm32f3/stm32f37x_it.c(32): warning: non-portable path to file '"SysTick.h"'; specified path differs in case from file name on disk [-Wnonportable-include-path]
#include "systick.h"
         ^~~~~~~~~~~
         "SysTick.h"
2 warnings and 14 errors generated.
compiling stm32f37x_it.c...
../drive/systick.c(1): warning: non-portable path to file '"SysTick.h"'; specified path differs in case from file name on disk [-Wnonportable-include-path]
#include "systick.h"
         ^~~~~~~~~~~
         "SysTick.h"
../drive/systick.c(1): warning: In file included from...
../drive/systick.h(4): warning: In file included from...
D:/Program Files/Keil5/ARM/INC/ST/STM32F37x\stm32f37x.h(239): warning: In file included from...
D:/Program Files/Keil5/ARM/CMSIS/Include\core_cm4.h(187): warning: In file included from...
D:/Program Files/Keil5/ARM/CMSIS/Include\core_cmInstr.h(312): error: unknown type name 'inline'
__attribute__( ( always_inline ) ) __STATIC_INLINE void __NOP(void)
                                   ^
D:/Program Files/Keil5/ARM/CMSIS/Include\core_cm4.h(87): note: expanded from macro '__STATIC_INLINE'
  #define __STATIC_INLINE  static inline
                                  ^
../drive/systick.c(1): warning: In file included from...
../drive/systick.h(4): warning: In file included from...
D:/Program Files/Keil5/ARM/INC/ST/STM32F37x\stm32f37x.h(239): warning: In file included from...
D:/Program Files/Keil5/ARM/CMSIS/Include\core_cm4.h(187): warning: In file included from...
D:/Program Files/Keil5/ARM/CMSIS/Include\core_cmInstr.h(323): error: unknown type name 'inline'
__attribute__( ( always_inline ) ) __STATIC_INLINE void __WFI(void)
                                   ^
D:/Program Files/Keil5/ARM/CMSIS/Include\core_cm4.h(87): note: expanded from macro '__STATIC_INLINE'
  #define __STATIC_INLINE  static inline
                                  ^
../drive/systick.c(1): warning: In file included from...
../drive/systick.h(4): warning: In file included from...
D:/Program Files/Keil5/ARM/INC/ST/STM32F37x\stm32f37x.h(239): warning: In file included from...
D:/Program Files/Keil5/ARM/CMSIS/Include\core_cm4.h(187): warning: In file included from...
D:/Program Files/Keil5/ARM/CMSIS/Include\core_cmInstr.h(334): error: unknown type name 'inline'
__attribute__( ( always_inline ) ) __STATIC_INLINE void __WFE(void)
                                   ^
D:/Program Files/Keil5/ARM/CMSIS/Include\core_cm4.h(87): note: expanded from macro '__STATIC_INLINE'
  #define __STATIC_INLINE  static inline
                                  ^
../drive/systick.c(1): warning: In file included from...
../drive/systick.h(4): warning: In file included from...
D:/Program Files/Keil5/ARM/INC/ST/STM32F37x\stm32f37x.h(239): warning: In file included from...
D:/Program Files/Keil5/ARM/CMSIS/Include\core_cm4.h(187): warning: In file included from...
D:/Program Files/Keil5/ARM/CMSIS/Include\core_cmInstr.h(344): error: unknown type name 'inline'
__attribute__( ( always_inline ) ) __STATIC_INLINE void __SEV(void)
                                   ^
D:/Program Files/Keil5/ARM/CMSIS/Include\core_cm4.h(87): note: expanded from macro '__STATIC_INLINE'
  #define __STATIC_INLINE  static inline
                                  ^
../drive/systick.c(1): warning: In file included from...
../drive/systick.h(4): warning: In file included from...
D:/Program Files/Keil5/ARM/INC/ST/STM32F37x\stm32f37x.h(239): warning: In file included from...
D:/Program Files/Keil5/ARM/CMSIS/Include\core_cm4.h(187): warning: In file included from...
D:/Program Files/Keil5/ARM/CMSIS/Include\core_cmInstr.h(356): error: unknown type name 'inline'
__attribute__( ( always_inline ) ) __STATIC_INLINE void __ISB(void)
                                   ^
D:/Program Files/Keil5/ARM/CMSIS/Include\core_cm4.h(87): note: expanded from macro '__STATIC_INLINE'
  #define __STATIC_INLINE  static inline
                                  ^
../drive/systick.c(1): warning: In file included from...
../drive/systick.h(4): warning: In file included from...
D:/Program Files/Keil5/ARM/INC/ST/STM32F37x\stm32f37x.h(239): warning: In file included from...
D:/Program Files/Keil5/ARM/CMSIS/Include\core_cm4.h(187): warning: In file included from...
D:/Program Files/Keil5/ARM/CMSIS/Include\core_cmInstr.h(367): error: unknown type name 'inline'
__attribute__( ( always_inline ) ) __STATIC_INLINE void __DSB(void)
                                   ^
D:/Program Files/Keil5/ARM/CMSIS/Include\core_cm4.h(87): note: expanded from macro '__STATIC_INLINE'
  #define __STATIC_INLINE  static inline
                                  ^
../drive/systick.c(1): warning: In file included from...
../drive/systick.h(4): warning: In file included from...
D:/Program Files/Keil5/ARM/INC/ST/STM32F37x\stm32f37x.h(239): warning: In file included from...
D:/Program Files/Keil5/ARM/CMSIS/Include\core_cm4.h(187): warning: In file included from...
D:/Program Files/Keil5/ARM/CMSIS/Include\core_cmInstr.h(378): error: unknown type name 'inline'
__attribute__( ( always_inline ) ) __STATIC_INLINE void __DMB(void)
                                   ^
D:/Program Files/Keil5/ARM/CMSIS/Include\core_cm4.h(87): note: expanded from macro '__STATIC_INLINE'
  #define __STATIC_INLINE  static inline
                                  ^
../drive/systick.c(1): warning: In file included from...
../drive/systick.h(4): warning: In file included from...
D:/Program Files/Keil5/ARM/INC/ST/STM32F37x\stm32f37x.h(239): warning: In file included from...
D:/Program Files/Keil5/ARM/CMSIS/Include\core_cm4.h(187): warning: In file included from...
D:/Program Files/Keil5/ARM/CMSIS/Include\core_cmInstr.h(391): error: unknown type name 'inline'
__attribute__( ( always_inline ) ) __STATIC_INLINE uint32_t __REV(uint32_t value)
                                   ^
D:/Program Files/Keil5/ARM/CMSIS/Include\core_cm4.h(87): note: expanded from macro '__STATIC_INLINE'
  #define __STATIC_INLINE  static inline
                                  ^
../drive/systick.c(1): warning: In file included from...
../drive/systick.h(4): warning: In file included from...
D:/Program Files/Keil5/ARM/INC/ST/STM32F37x\stm32f37x.h(239): warning: In file included from...
D:/Program Files/Keil5/ARM/CMSIS/Include\core_cm4.h(187): warning: In file included from...
D:/Program Files/Keil5/ARM/CMSIS/Include\core_cmInstr.h(391): warning: 'always_inline' attribute only applies to functions [-Wignored-attributes]
__attribute__( ( always_inline ) ) __STATIC_INLINE uint32_t __REV(uint32_t value)
                 ^
D:/Program Files/Keil5/ARM/CMSIS/Include\core_cmInstr.h(391): error: expected ';' after top level declarator
__attribute__( ( always_inline ) ) __STATIC_INLINE uint32_t __REV(uint32_t value)
                                                           ^
                                                           ;
../drive/systick.c(1): warning: In file included from...
../drive/systick.h(4): warning: In file included from...
D:/Program Files/Keil5/ARM/INC/ST/STM32F37x\stm32f37x.h(239): warning: In file included from...
D:/Program Files/Keil5/ARM/CMSIS/Include\core_cm4.h(1453): error: unknown type name 'inline'
__STATIC_INLINE void NVIC_SetPriorityGrouping(uint32_t PriorityGroup)
^
D:/Program Files/Keil5/ARM/CMSIS/Include\core_cm4.h(87): note: expanded from macro '__STATIC_INLINE'
  #define __STATIC_INLINE  static inline
                                  ^
D:/Program Files/Keil5/ARM/CMSIS/Include\core_cm4.h(1473): error: unknown type name 'inline'
__STATIC_INLINE uint32_t NVIC_GetPriorityGrouping(void)
^
D:/Program Files/Keil5/ARM/CMSIS/Include\core_cm4.h(87): note: expanded from macro '__STATIC_INLINE'
  #define __STATIC_INLINE  static inline
                                  ^
D:/Program Files/Keil5/ARM/CMSIS/Include\core_cm4.h(1473): error: expected ';' after top level declarator
__STATIC_INLINE uint32_t NVIC_GetPriorityGrouping(void)
                        ^
                        ;
D:/Program Files/Keil5/ARM/CMSIS/Include\core_cm4.h(1735): error: unknown type name 'inline'
__STATIC_INLINE uint32_t ITM_SendChar (uint32_t ch)
^
D:/Program Files/Keil5/ARM/CMSIS/Include\core_cm4.h(87): note: expanded from macro '__STATIC_INLINE'
  #define __STATIC_INLINE  static inline
                                  ^
D:/Program Files/Keil5/ARM/CMSIS/Include\core_cm4.h(1735): error: expected ';' after top level declarator
__STATIC_INLINE uint32_t ITM_SendChar (uint32_t ch)
                        ^
                        ;
../drive/systick.c(27): error: use of undeclared identifier 'SystemCoreClock'
  if (SysTick_Config(SystemCoreClock / 1000))//1<BA><C1><C3><EB>
                     ^
2 warnings and 15 errors generated.
compiling systick.c...
../drive/sdadc.c(1): warning: In file included from...
../drive/sdadc.h(4): warning: In file included from...
D:/Program Files/Keil5/ARM/INC/ST/STM32F37x\stm32f37x.h(239): warning: In file included from...
D:/Program Files/Keil5/ARM/CMSIS/Include\core_cm4.h(187): warning: In file included from...
D:/Program Files/Keil5/ARM/CMSIS/Include\core_cmInstr.h(312): error: unknown type name 'inline'
__attribute__( ( always_inline ) ) __STATIC_INLINE void __NOP(void)
                                   ^
D:/Program Files/Keil5/ARM/CMSIS/Include\core_cm4.h(87): note: expanded from macro '__STATIC_INLINE'
  #define __STATIC_INLINE  static inline
                                  ^
../drive/sdadc.c(1): warning: In file included from...
../drive/sdadc.h(4): warning: In file included from...
D:/Program Files/Keil5/ARM/INC/ST/STM32F37x\stm32f37x.h(239): warning: In file included from...
D:/Program Files/Keil5/ARM/CMSIS/Include\core_cm4.h(187): warning: In file included from...
D:/Program Files/Keil5/ARM/CMSIS/Include\core_cmInstr.h(323): error: unknown type name 'inline'
__attribute__( ( always_inline ) ) __STATIC_INLINE void __WFI(void)
                                   ^
D:/Program Files/Keil5/ARM/CMSIS/Include\core_cm4.h(87): note: expanded from macro '__STATIC_INLINE'
  #define __STATIC_INLINE  static inline
                                  ^
../drive/sdadc.c(1): warning: In file included from...
../drive/sdadc.h(4): warning: In file included from...
D:/Program Files/Keil5/ARM/INC/ST/STM32F37x\stm32f37x.h(239): warning: In file included from...
D:/Program Files/Keil5/ARM/CMSIS/Include\core_cm4.h(187): warning: In file included from...
D:/Program Files/Keil5/ARM/CMSIS/Include\core_cmInstr.h(334): error: unknown type name 'inline'
__attribute__( ( always_inline ) ) __STATIC_INLINE void __WFE(void)
                                   ^
D:/Program Files/Keil5/ARM/CMSIS/Include\core_cm4.h(87): note: expanded from macro '__STATIC_INLINE'
  #define __STATIC_INLINE  static inline
                                  ^
../drive/sdadc.c(1): warning: In file included from...
../drive/sdadc.h(4): warning: In file included from...
D:/Program Files/Keil5/ARM/INC/ST/STM32F37x\stm32f37x.h(239): warning: In file included from...
D:/Program Files/Keil5/ARM/CMSIS/Include\core_cm4.h(187): warning: In file included from...
D:/Program Files/Keil5/ARM/CMSIS/Include\core_cmInstr.h(344): error: unknown type name 'inline'
__attribute__( ( always_inline ) ) __STATIC_INLINE void __SEV(void)
                                   ^
D:/Program Files/Keil5/ARM/CMSIS/Include\core_cm4.h(87): note: expanded from macro '__STATIC_INLINE'
  #define __STATIC_INLINE  static inline
                                  ^
../drive/sdadc.c(1): warning: In file included from...
../drive/sdadc.h(4): warning: In file included from...
D:/Program Files/Keil5/ARM/INC/ST/STM32F37x\stm32f37x.h(239): warning: In file included from...
D:/Program Files/Keil5/ARM/CMSIS/Include\core_cm4.h(187): warning: In file included from...
D:/Program Files/Keil5/ARM/CMSIS/Include\core_cmInstr.h(356): error: unknown type name 'inline'
__attribute__( ( always_inline ) ) __STATIC_INLINE void __ISB(void)
                                   ^
D:/Program Files/Keil5/ARM/CMSIS/Include\core_cm4.h(87): note: expanded from macro '__STATIC_INLINE'
  #define __STATIC_INLINE  static inline
                                  ^
../drive/sdadc.c(1): warning: In file included from...
../drive/sdadc.h(4): warning: In file included from...
D:/Program Files/Keil5/ARM/INC/ST/STM32F37x\stm32f37x.h(239): warning: In file included from...
D:/Program Files/Keil5/ARM/CMSIS/Include\core_cm4.h(187): warning: In file included from...
D:/Program Files/Keil5/ARM/CMSIS/Include\core_cmInstr.h(367): error: unknown type name 'inline'
__attribute__( ( always_inline ) ) __STATIC_INLINE void __DSB(void)
                                   ^
D:/Program Files/Keil5/ARM/CMSIS/Include\core_cm4.h(87): note: expanded from macro '__STATIC_INLINE'
  #define __STATIC_INLINE  static inline
                                  ^
../drive/sdadc.c(1): warning: In file included from...
../drive/sdadc.h(4): warning: In file included from...
D:/Program Files/Keil5/ARM/INC/ST/STM32F37x\stm32f37x.h(239): warning: In file included from...
D:/Program Files/Keil5/ARM/CMSIS/Include\core_cm4.h(187): warning: In file included from...
D:/Program Files/Keil5/ARM/CMSIS/Include\core_cmInstr.h(378): error: unknown type name 'inline'
__attribute__( ( always_inline ) ) __STATIC_INLINE void __DMB(void)
                                   ^
D:/Program Files/Keil5/ARM/CMSIS/Include\core_cm4.h(87): note: expanded from macro '__STATIC_INLINE'
  #define __STATIC_INLINE  static inline
                                  ^
../drive/sdadc.c(1): warning: In file included from...
../drive/sdadc.h(4): warning: In file included from...
D:/Program Files/Keil5/ARM/INC/ST/STM32F37x\stm32f37x.h(239): warning: In file included from...
D:/Program Files/Keil5/ARM/CMSIS/Include\core_cm4.h(187): warning: In file included from...
D:/Program Files/Keil5/ARM/CMSIS/Include\core_cmInstr.h(391): error: unknown type name 'inline'
__attribute__( ( always_inline ) ) __STATIC_INLINE uint32_t __REV(uint32_t value)
                                   ^
D:/Program Files/Keil5/ARM/CMSIS/Include\core_cm4.h(87): note: expanded from macro '__STATIC_INLINE'
  #define __STATIC_INLINE  static inline
                                  ^
../drive/sdadc.c(1): warning: In file included from...
../drive/sdadc.h(4): warning: In file included from...
D:/Program Files/Keil5/ARM/INC/ST/STM32F37x\stm32f37x.h(239): warning: In file included from...
D:/Program Files/Keil5/ARM/CMSIS/Include\core_cm4.h(187): warning: In file included from...
D:/Program Files/Keil5/ARM/CMSIS/Include\core_cmInstr.h(391): warning: 'always_inline' attribute only applies to functions [-Wignored-attributes]
__attribute__( ( always_inline ) ) __STATIC_INLINE uint32_t __REV(uint32_t value)
                 ^
D:/Program Files/Keil5/ARM/CMSIS/Include\core_cmInstr.h(391): error: expected ';' after top level declarator
__attribute__( ( always_inline ) ) __STATIC_INLINE uint32_t __REV(uint32_t value)
                                                           ^
                                                           ;
../drive/sdadc.c(1): warning: In file included from...
../drive/sdadc.h(4): warning: In file included from...
D:/Program Files/Keil5/ARM/INC/ST/STM32F37x\stm32f37x.h(239): warning: In file included from...
D:/Program Files/Keil5/ARM/CMSIS/Include\core_cm4.h(1453): error: unknown type name 'inline'
__STATIC_INLINE void NVIC_SetPriorityGrouping(uint32_t PriorityGroup)
^
D:/Program Files/Keil5/ARM/CMSIS/Include\core_cm4.h(87): note: expanded from macro '__STATIC_INLINE'
  #define __STATIC_INLINE  static inline
                                  ^
D:/Program Files/Keil5/ARM/CMSIS/Include\core_cm4.h(1473): error: unknown type name 'inline'
__STATIC_INLINE uint32_t NVIC_GetPriorityGrouping(void)
^
D:/Program Files/Keil5/ARM/CMSIS/Include\core_cm4.h(87): note: expanded from macro '__STATIC_INLINE'
  #define __STATIC_INLINE  static inline
                                  ^
D:/Program Files/Keil5/ARM/CMSIS/Include\core_cm4.h(1473): error: expected ';' after top level declarator
__STATIC_INLINE uint32_t NVIC_GetPriorityGrouping(void)
                        ^
                        ;
D:/Program Files/Keil5/ARM/CMSIS/Include\core_cm4.h(1735): error: unknown type name 'inline'
__STATIC_INLINE uint32_t ITM_SendChar (uint32_t ch)
^
D:/Program Files/Keil5/ARM/CMSIS/Include\core_cm4.h(87): note: expanded from macro '__STATIC_INLINE'
  #define __STATIC_INLINE  static inline
                                  ^
D:/Program Files/Keil5/ARM/CMSIS/Include\core_cm4.h(1735): error: expected ';' after top level declarator
__STATIC_INLINE uint32_t ITM_SendChar (uint32_t ch)
                        ^
                        ;
../drive/sdadc.c(1): warning: In file included from...
../drive/sdadc.h(5): warning: non-portable path to file '"SysTick.h"'; specified path differs in case from file name on disk [-Wnonportable-include-path]
#include "systick.h"
         ^~~~~~~~~~~
         "SysTick.h"
2 warnings and 14 errors generated.
compiling sdadc.c...
../drive/time.c(1): warning: In file included from...
../drive/time.h(4): warning: In file included from...
D:/Program Files/Keil5/ARM/INC/ST/STM32F37x\stm32f37x.h(239): warning: In file included from...
D:/Program Files/Keil5/ARM/CMSIS/Include\core_cm4.h(187): warning: In file included from...
D:/Program Files/Keil5/ARM/CMSIS/Include\core_cmInstr.h(312): error: unknown type name 'inline'
__attribute__( ( always_inline ) ) __STATIC_INLINE void __NOP(void)
                                   ^
D:/Program Files/Keil5/ARM/CMSIS/Include\core_cm4.h(87): note: expanded from macro '__STATIC_INLINE'
  #define __STATIC_INLINE  static inline
                                  ^
../drive/time.c(1): warning: In file included from...
../drive/time.h(4): warning: In file included from...
D:/Program Files/Keil5/ARM/INC/ST/STM32F37x\stm32f37x.h(239): warning: In file included from...
D:/Program Files/Keil5/ARM/CMSIS/Include\core_cm4.h(187): warning: In file included from...
D:/Program Files/Keil5/ARM/CMSIS/Include\core_cmInstr.h(323): error: unknown type name 'inline'
__attribute__( ( always_inline ) ) __STATIC_INLINE void __WFI(void)
                                   ^
D:/Program Files/Keil5/ARM/CMSIS/Include\core_cm4.h(87): note: expanded from macro '__STATIC_INLINE'
  #define __STATIC_INLINE  static inline
                                  ^
../drive/time.c(1): warning: In file included from...
../drive/time.h(4): warning: In file included from...
D:/Program Files/Keil5/ARM/INC/ST/STM32F37x\stm32f37x.h(239): warning: In file included from...
D:/Program Files/Keil5/ARM/CMSIS/Include\core_cm4.h(187): warning: In file included from...
D:/Program Files/Keil5/ARM/CMSIS/Include\core_cmInstr.h(334): error: unknown type name 'inline'
__attribute__( ( always_inline ) ) __STATIC_INLINE void __WFE(void)
                                   ^
D:/Program Files/Keil5/ARM/CMSIS/Include\core_cm4.h(87): note: expanded from macro '__STATIC_INLINE'
  #define __STATIC_INLINE  static inline
                                  ^
../drive/time.c(1): warning: In file included from...
../drive/time.h(4): warning: In file included from...
D:/Program Files/Keil5/ARM/INC/ST/STM32F37x\stm32f37x.h(239): warning: In file included from...
D:/Program Files/Keil5/ARM/CMSIS/Include\core_cm4.h(187): warning: In file included from...
D:/Program Files/Keil5/ARM/CMSIS/Include\core_cmInstr.h(344): error: unknown type name 'inline'
__attribute__( ( always_inline ) ) __STATIC_INLINE void __SEV(void)
                                   ^
D:/Program Files/Keil5/ARM/CMSIS/Include\core_cm4.h(87): note: expanded from macro '__STATIC_INLINE'
  #define __STATIC_INLINE  static inline
                                  ^
../drive/time.c(1): warning: In file included from...
../drive/time.h(4): warning: In file included from...
D:/Program Files/Keil5/ARM/INC/ST/STM32F37x\stm32f37x.h(239): warning: In file included from...
D:/Program Files/Keil5/ARM/CMSIS/Include\core_cm4.h(187): warning: In file included from...
D:/Program Files/Keil5/ARM/CMSIS/Include\core_cmInstr.h(356): error: unknown type name 'inline'
__attribute__( ( always_inline ) ) __STATIC_INLINE void __ISB(void)
                                   ^
D:/Program Files/Keil5/ARM/CMSIS/Include\core_cm4.h(87): note: expanded from macro '__STATIC_INLINE'
  #define __STATIC_INLINE  static inline
                                  ^
../drive/time.c(1): warning: In file included from...
../drive/time.h(4): warning: In file included from...
D:/Program Files/Keil5/ARM/INC/ST/STM32F37x\stm32f37x.h(239): warning: In file included from...
D:/Program Files/Keil5/ARM/CMSIS/Include\core_cm4.h(187): warning: In file included from...
D:/Program Files/Keil5/ARM/CMSIS/Include\core_cmInstr.h(367): error: unknown type name 'inline'
__attribute__( ( always_inline ) ) __STATIC_INLINE void __DSB(void)
                                   ^
D:/Program Files/Keil5/ARM/CMSIS/Include\core_cm4.h(87): note: expanded from macro '__STATIC_INLINE'
  #define __STATIC_INLINE  static inline
                                  ^
../drive/time.c(1): warning: In file included from...
../drive/time.h(4): warning: In file included from...
D:/Program Files/Keil5/ARM/INC/ST/STM32F37x\stm32f37x.h(239): warning: In file included from...
D:/Program Files/Keil5/ARM/CMSIS/Include\core_cm4.h(187): warning: In file included from...
D:/Program Files/Keil5/ARM/CMSIS/Include\core_cmInstr.h(378): error: unknown type name 'inline'
__attribute__( ( always_inline ) ) __STATIC_INLINE void __DMB(void)
                                   ^
D:/Program Files/Keil5/ARM/CMSIS/Include\core_cm4.h(87): note: expanded from macro '__STATIC_INLINE'
  #define __STATIC_INLINE  static inline
                                  ^
../drive/time.c(1): warning: In file included from...
../drive/time.h(4): warning: In file included from...
D:/Program Files/Keil5/ARM/INC/ST/STM32F37x\stm32f37x.h(239): warning: In file included from...
D:/Program Files/Keil5/ARM/CMSIS/Include\core_cm4.h(187): warning: In file included from...
D:/Program Files/Keil5/ARM/CMSIS/Include\core_cmInstr.h(391): error: unknown type name 'inline'
__attribute__( ( always_inline ) ) __STATIC_INLINE uint32_t __REV(uint32_t value)
                                   ^
D:/Program Files/Keil5/ARM/CMSIS/Include\core_cm4.h(87): note: expanded from macro '__STATIC_INLINE'
  #define __STATIC_INLINE  static inline
                                  ^
../drive/time.c(1): warning: In file included from...
../drive/time.h(4): warning: In file included from...
D:/Program Files/Keil5/ARM/INC/ST/STM32F37x\stm32f37x.h(239): warning: In file included from...
D:/Program Files/Keil5/ARM/CMSIS/Include\core_cm4.h(187): warning: In file included from...
D:/Program Files/Keil5/ARM/CMSIS/Include\core_cmInstr.h(391): warning: 'always_inline' attribute only applies to functions [-Wignored-attributes]
__attribute__( ( always_inline ) ) __STATIC_INLINE uint32_t __REV(uint32_t value)
                 ^
D:/Program Files/Keil5/ARM/CMSIS/Include\core_cmInstr.h(391): error: expected ';' after top level declarator
__attribute__( ( always_inline ) ) __STATIC_INLINE uint32_t __REV(uint32_t value)
                                                           ^
                                                           ;
../drive/time.c(1): warning: In file included from...
../drive/time.h(4): warning: In file included from...
D:/Program Files/Keil5/ARM/INC/ST/STM32F37x\stm32f37x.h(239): warning: In file included from...
D:/Program Files/Keil5/ARM/CMSIS/Include\core_cm4.h(1453): error: unknown type name 'inline'
__STATIC_INLINE void NVIC_SetPriorityGrouping(uint32_t PriorityGroup)
^
D:/Program Files/Keil5/ARM/CMSIS/Include\core_cm4.h(87): note: expanded from macro '__STATIC_INLINE'
  #define __STATIC_INLINE  static inline
                                  ^
D:/Program Files/Keil5/ARM/CMSIS/Include\core_cm4.h(1473): error: unknown type name 'inline'
__STATIC_INLINE uint32_t NVIC_GetPriorityGrouping(void)
^
D:/Program Files/Keil5/ARM/CMSIS/Include\core_cm4.h(87): note: expanded from macro '__STATIC_INLINE'
  #define __STATIC_INLINE  static inline
                                  ^
D:/Program Files/Keil5/ARM/CMSIS/Include\core_cm4.h(1473): error: expected ';' after top level declarator
__STATIC_INLINE uint32_t NVIC_GetPriorityGrouping(void)
                        ^
                        ;
D:/Program Files/Keil5/ARM/CMSIS/Include\core_cm4.h(1735): error: unknown type name 'inline'
__STATIC_INLINE uint32_t ITM_SendChar (uint32_t ch)
^
D:/Program Files/Keil5/ARM/CMSIS/Include\core_cm4.h(87): note: expanded from macro '__STATIC_INLINE'
  #define __STATIC_INLINE  static inline
                                  ^
D:/Program Files/Keil5/ARM/CMSIS/Include\core_cm4.h(1735): error: expected ';' after top level declarator
__STATIC_INLINE uint32_t ITM_SendChar (uint32_t ch)
                        ^
                        ;
1 warning and 14 errors generated.
compiling time.c...
../drive/adc.c(1): warning: In file included from...
D:/Program Files/Keil5/ARM/INC/ST/STM32F37x\stm32f37x.h(239): warning: In file included from...
D:/Program Files/Keil5/ARM/CMSIS/Include\core_cm4.h(187): warning: In file included from...
D:/Program Files/Keil5/ARM/CMSIS/Include\core_cmInstr.h(312): error: unknown type name 'inline'
__attribute__( ( always_inline ) ) __STATIC_INLINE void __NOP(void)
                                   ^
D:/Program Files/Keil5/ARM/CMSIS/Include\core_cm4.h(87): note: expanded from macro '__STATIC_INLINE'
  #define __STATIC_INLINE  static inline
                                  ^
../drive/adc.c(1): warning: In file included from...
D:/Program Files/Keil5/ARM/INC/ST/STM32F37x\stm32f37x.h(239): warning: In file included from...
D:/Program Files/Keil5/ARM/CMSIS/Include\core_cm4.h(187): warning: In file included from...
D:/Program Files/Keil5/ARM/CMSIS/Include\core_cmInstr.h(323): error: unknown type name 'inline'
__attribute__( ( always_inline ) ) __STATIC_INLINE void __WFI(void)
                                   ^
D:/Program Files/Keil5/ARM/CMSIS/Include\core_cm4.h(87): note: expanded from macro '__STATIC_INLINE'
  #define __STATIC_INLINE  static inline
                                  ^
../drive/adc.c(1): warning: In file included from...
D:/Program Files/Keil5/ARM/INC/ST/STM32F37x\stm32f37x.h(239): warning: In file included from...
D:/Program Files/Keil5/ARM/CMSIS/Include\core_cm4.h(187): warning: In file included from...
D:/Program Files/Keil5/ARM/CMSIS/Include\core_cmInstr.h(334): error: unknown type name 'inline'
__attribute__( ( always_inline ) ) __STATIC_INLINE void __WFE(void)
                                   ^
D:/Program Files/Keil5/ARM/CMSIS/Include\core_cm4.h(87): note: expanded from macro '__STATIC_INLINE'
  #define __STATIC_INLINE  static inline
                                  ^
../drive/adc.c(1): warning: In file included from...
D:/Program Files/Keil5/ARM/INC/ST/STM32F37x\stm32f37x.h(239): warning: In file included from...
D:/Program Files/Keil5/ARM/CMSIS/Include\core_cm4.h(187): warning: In file included from...
D:/Program Files/Keil5/ARM/CMSIS/Include\core_cmInstr.h(344): error: unknown type name 'inline'
__attribute__( ( always_inline ) ) __STATIC_INLINE void __SEV(void)
                                   ^
D:/Program Files/Keil5/ARM/CMSIS/Include\core_cm4.h(87): note: expanded from macro '__STATIC_INLINE'
  #define __STATIC_INLINE  static inline
                                  ^
../drive/adc.c(1): warning: In file included from...
D:/Program Files/Keil5/ARM/INC/ST/STM32F37x\stm32f37x.h(239): warning: In file included from...
D:/Program Files/Keil5/ARM/CMSIS/Include\core_cm4.h(187): warning: In file included from...
D:/Program Files/Keil5/ARM/CMSIS/Include\core_cmInstr.h(356): error: unknown type name 'inline'
__attribute__( ( always_inline ) ) __STATIC_INLINE void __ISB(void)
                                   ^
D:/Program Files/Keil5/ARM/CMSIS/Include\core_cm4.h(87): note: expanded from macro '__STATIC_INLINE'
  #define __STATIC_INLINE  static inline
                                  ^
../drive/adc.c(1): warning: In file included from...
D:/Program Files/Keil5/ARM/INC/ST/STM32F37x\stm32f37x.h(239): warning: In file included from...
D:/Program Files/Keil5/ARM/CMSIS/Include\core_cm4.h(187): warning: In file included from...
D:/Program Files/Keil5/ARM/CMSIS/Include\core_cmInstr.h(367): error: unknown type name 'inline'
__attribute__( ( always_inline ) ) __STATIC_INLINE void __DSB(void)
                                   ^
D:/Program Files/Keil5/ARM/CMSIS/Include\core_cm4.h(87): note: expanded from macro '__STATIC_INLINE'
  #define __STATIC_INLINE  static inline
                                  ^
../drive/adc.c(1): warning: In file included from...
D:/Program Files/Keil5/ARM/INC/ST/STM32F37x\stm32f37x.h(239): warning: In file included from...
D:/Program Files/Keil5/ARM/CMSIS/Include\core_cm4.h(187): warning: In file included from...
D:/Program Files/Keil5/ARM/CMSIS/Include\core_cmInstr.h(378): error: unknown type name 'inline'
__attribute__( ( always_inline ) ) __STATIC_INLINE void __DMB(void)
                                   ^
D:/Program Files/Keil5/ARM/CMSIS/Include\core_cm4.h(87): note: expanded from macro '__STATIC_INLINE'
  #define __STATIC_INLINE  static inline
                                  ^
../drive/adc.c(1): warning: In file included from...
D:/Program Files/Keil5/ARM/INC/ST/STM32F37x\stm32f37x.h(239): warning: In file included from...
D:/Program Files/Keil5/ARM/CMSIS/Include\core_cm4.h(187): warning: In file included from...
D:/Program Files/Keil5/ARM/CMSIS/Include\core_cmInstr.h(391): error: unknown type name 'inline'
__attribute__( ( always_inline ) ) __STATIC_INLINE uint32_t __REV(uint32_t value)
                                   ^
D:/Program Files/Keil5/ARM/CMSIS/Include\core_cm4.h(87): note: expanded from macro '__STATIC_INLINE'
  #define __STATIC_INLINE  static inline
                                  ^
../drive/adc.c(1): warning: In file included from...
D:/Program Files/Keil5/ARM/INC/ST/STM32F37x\stm32f37x.h(239): warning: In file included from...
D:/Program Files/Keil5/ARM/CMSIS/Include\core_cm4.h(187): warning: In file included from...
D:/Program Files/Keil5/ARM/CMSIS/Include\core_cmInstr.h(391): warning: 'always_inline' attribute only applies to functions [-Wignored-attributes]
__attribute__( ( always_inline ) ) __STATIC_INLINE uint32_t __REV(uint32_t value)
                 ^
D:/Program Files/Keil5/ARM/CMSIS/Include\core_cmInstr.h(391): error: expected ';' after top level declarator
__attribute__( ( always_inline ) ) __STATIC_INLINE uint32_t __REV(uint32_t value)
                                                           ^
                                                           ;
../drive/adc.c(1): warning: In file included from...
D:/Program Files/Keil5/ARM/INC/ST/STM32F37x\stm32f37x.h(239): warning: In file included from...
D:/Program Files/Keil5/ARM/CMSIS/Include\core_cm4.h(1453): error: unknown type name 'inline'
__STATIC_INLINE void NVIC_SetPriorityGrouping(uint32_t PriorityGroup)
^
D:/Program Files/Keil5/ARM/CMSIS/Include\core_cm4.h(87): note: expanded from macro '__STATIC_INLINE'
  #define __STATIC_INLINE  static inline
                                  ^
D:/Program Files/Keil5/ARM/CMSIS/Include\core_cm4.h(1473): error: unknown type name 'inline'
__STATIC_INLINE uint32_t NVIC_GetPriorityGrouping(void)
^
D:/Program Files/Keil5/ARM/CMSIS/Include\core_cm4.h(87): note: expanded from macro '__STATIC_INLINE'
  #define __STATIC_INLINE  static inline
                                  ^
D:/Program Files/Keil5/ARM/CMSIS/Include\core_cm4.h(1473): error: expected ';' after top level declarator
__STATIC_INLINE uint32_t NVIC_GetPriorityGrouping(void)
                        ^
                        ;
D:/Program Files/Keil5/ARM/CMSIS/Include\core_cm4.h(1735): error: unknown type name 'inline'
__STATIC_INLINE uint32_t ITM_SendChar (uint32_t ch)
^
D:/Program Files/Keil5/ARM/CMSIS/Include\core_cm4.h(87): note: expanded from macro '__STATIC_INLINE'
  #define __STATIC_INLINE  static inline
                                  ^
D:/Program Files/Keil5/ARM/CMSIS/Include\core_cm4.h(1735): error: expected ';' after top level declarator
__STATIC_INLINE uint32_t ITM_SendChar (uint32_t ch)
                        ^
                        ;
../drive/adc.c(82): warning: while loop has empty body [-Wempty-body]
         while(ADC_GetFlagStatus(ADC1, ADC_FLAG_EOC) == RESET);
                                                              ^
../drive/adc.c(82): note: put the semicolon on a separate line to silence this warning
2 warnings and 14 errors generated.
compiling adc.c...
../lib/src/stm32f37x_usart.c(81): warning: In file included from...
../lib/inc\stm32f37x_usart.h(38): warning: In file included from...
D:/Program Files/Keil5/ARM/INC/ST/STM32F37x\stm32f37x.h(239): warning: In file included from...
D:/Program Files/Keil5/ARM/CMSIS/Include\core_cm4.h(187): warning: In file included from...
D:/Program Files/Keil5/ARM/CMSIS/Include\core_cmInstr.h(312): error: unknown type name 'inline'
__attribute__( ( always_inline ) ) __STATIC_INLINE void __NOP(void)
                                   ^
D:/Program Files/Keil5/ARM/CMSIS/Include\core_cm4.h(87): note: expanded from macro '__STATIC_INLINE'
  #define __STATIC_INLINE  static inline
                                  ^
../lib/src/stm32f37x_usart.c(81): warning: In file included from...
../lib/inc\stm32f37x_usart.h(38): warning: In file included from...
D:/Program Files/Keil5/ARM/INC/ST/STM32F37x\stm32f37x.h(239): warning: In file included from...
D:/Program Files/Keil5/ARM/CMSIS/Include\core_cm4.h(187): warning: In file included from...
D:/Program Files/Keil5/ARM/CMSIS/Include\core_cmInstr.h(323): error: unknown type name 'inline'
__attribute__( ( always_inline ) ) __STATIC_INLINE void __WFI(void)
                                   ^
D:/Program Files/Keil5/ARM/CMSIS/Include\core_cm4.h(87): note: expanded from macro '__STATIC_INLINE'
  #define __STATIC_INLINE  static inline
                                  ^
../lib/src/stm32f37x_usart.c(81): warning: In file included from...
../lib/inc\stm32f37x_usart.h(38): warning: In file included from...
D:/Program Files/Keil5/ARM/INC/ST/STM32F37x\stm32f37x.h(239): warning: In file included from...
D:/Program Files/Keil5/ARM/CMSIS/Include\core_cm4.h(187): warning: In file included from...
D:/Program Files/Keil5/ARM/CMSIS/Include\core_cmInstr.h(334): error: unknown type name 'inline'
__attribute__( ( always_inline ) ) __STATIC_INLINE void __WFE(void)
                                   ^
D:/Program Files/Keil5/ARM/CMSIS/Include\core_cm4.h(87): note: expanded from macro '__STATIC_INLINE'
  #define __STATIC_INLINE  static inline
                                  ^
../lib/src/stm32f37x_usart.c(81): warning: In file included from...
../lib/inc\stm32f37x_usart.h(38): warning: In file included from...
D:/Program Files/Keil5/ARM/INC/ST/STM32F37x\stm32f37x.h(239): warning: In file included from...
D:/Program Files/Keil5/ARM/CMSIS/Include\core_cm4.h(187): warning: In file included from...
D:/Program Files/Keil5/ARM/CMSIS/Include\core_cmInstr.h(344): error: unknown type name 'inline'
__attribute__( ( always_inline ) ) __STATIC_INLINE void __SEV(void)
                                   ^
D:/Program Files/Keil5/ARM/CMSIS/Include\core_cm4.h(87): note: expanded from macro '__STATIC_INLINE'
  #define __STATIC_INLINE  static inline
                                  ^
../lib/src/stm32f37x_usart.c(81): warning: In file included from...
../lib/inc\stm32f37x_usart.h(38): warning: In file included from...
D:/Program Files/Keil5/ARM/INC/ST/STM32F37x\stm32f37x.h(239): warning: In file included from...
D:/Program Files/Keil5/ARM/CMSIS/Include\core_cm4.h(187): warning: In file included from...
D:/Program Files/Keil5/ARM/CMSIS/Include\core_cmInstr.h(356): error: unknown type name 'inline'
__attribute__( ( always_inline ) ) __STATIC_INLINE void __ISB(void)
                                   ^
D:/Program Files/Keil5/ARM/CMSIS/Include\core_cm4.h(87): note: expanded from macro '__STATIC_INLINE'
  #define __STATIC_INLINE  static inline
                                  ^
../lib/src/stm32f37x_usart.c(81): warning: In file included from...
../lib/inc\stm32f37x_usart.h(38): warning: In file included from...
D:/Program Files/Keil5/ARM/INC/ST/STM32F37x\stm32f37x.h(239): warning: In file included from...
D:/Program Files/Keil5/ARM/CMSIS/Include\core_cm4.h(187): warning: In file included from...
D:/Program Files/Keil5/ARM/CMSIS/Include\core_cmInstr.h(367): error: unknown type name 'inline'
__attribute__( ( always_inline ) ) __STATIC_INLINE void __DSB(void)
                                   ^
D:/Program Files/Keil5/ARM/CMSIS/Include\core_cm4.h(87): note: expanded from macro '__STATIC_INLINE'
  #define __STATIC_INLINE  static inline
                                  ^
../lib/src/stm32f37x_usart.c(81): warning: In file included from...
../lib/inc\stm32f37x_usart.h(38): warning: In file included from...
D:/Program Files/Keil5/ARM/INC/ST/STM32F37x\stm32f37x.h(239): warning: In file included from...
D:/Program Files/Keil5/ARM/CMSIS/Include\core_cm4.h(187): warning: In file included from...
D:/Program Files/Keil5/ARM/CMSIS/Include\core_cmInstr.h(378): error: unknown type name 'inline'
__attribute__( ( always_inline ) ) __STATIC_INLINE void __DMB(void)
                                   ^
D:/Program Files/Keil5/ARM/CMSIS/Include\core_cm4.h(87): note: expanded from macro '__STATIC_INLINE'
  #define __STATIC_INLINE  static inline
                                  ^
../lib/src/stm32f37x_usart.c(81): warning: In file included from...
../lib/inc\stm32f37x_usart.h(38): warning: In file included from...
D:/Program Files/Keil5/ARM/INC/ST/STM32F37x\stm32f37x.h(239): warning: In file included from...
D:/Program Files/Keil5/ARM/CMSIS/Include\core_cm4.h(187): warning: In file included from...
D:/Program Files/Keil5/ARM/CMSIS/Include\core_cmInstr.h(391): error: unknown type name 'inline'
__attribute__( ( always_inline ) ) __STATIC_INLINE uint32_t __REV(uint32_t value)
                                   ^
D:/Program Files/Keil5/ARM/CMSIS/Include\core_cm4.h(87): note: expanded from macro '__STATIC_INLINE'
  #define __STATIC_INLINE  static inline
                                  ^
../lib/src/stm32f37x_usart.c(81): warning: In file included from...
../lib/inc\stm32f37x_usart.h(38): warning: In file included from...
D:/Program Files/Keil5/ARM/INC/ST/STM32F37x\stm32f37x.h(239): warning: In file included from...
D:/Program Files/Keil5/ARM/CMSIS/Include\core_cm4.h(187): warning: In file included from...
D:/Program Files/Keil5/ARM/CMSIS/Include\core_cmInstr.h(391): warning: 'always_inline' attribute only applies to functions [-Wignored-attributes]
__attribute__( ( always_inline ) ) __STATIC_INLINE uint32_t __REV(uint32_t value)
                 ^
D:/Program Files/Keil5/ARM/CMSIS/Include\core_cmInstr.h(391): error: expected ';' after top level declarator
__attribute__( ( always_inline ) ) __STATIC_INLINE uint32_t __REV(uint32_t value)
                                                           ^
                                                           ;
../lib/src/stm32f37x_usart.c(81): warning: In file included from...
../lib/inc\stm32f37x_usart.h(38): warning: In file included from...
D:/Program Files/Keil5/ARM/INC/ST/STM32F37x\stm32f37x.h(239): warning: In file included from...
D:/Program Files/Keil5/ARM/CMSIS/Include\core_cm4.h(1453): error: unknown type name 'inline'
__STATIC_INLINE void NVIC_SetPriorityGrouping(uint32_t PriorityGroup)
^
D:/Program Files/Keil5/ARM/CMSIS/Include\core_cm4.h(87): note: expanded from macro '__STATIC_INLINE'
  #define __STATIC_INLINE  static inline
                                  ^
D:/Program Files/Keil5/ARM/CMSIS/Include\core_cm4.h(1473): error: unknown type name 'inline'
__STATIC_INLINE uint32_t NVIC_GetPriorityGrouping(void)
^
D:/Program Files/Keil5/ARM/CMSIS/Include\core_cm4.h(87): note: expanded from macro '__STATIC_INLINE'
  #define __STATIC_INLINE  static inline
                                  ^
D:/Program Files/Keil5/ARM/CMSIS/Include\core_cm4.h(1473): error: expected ';' after top level declarator
__STATIC_INLINE uint32_t NVIC_GetPriorityGrouping(void)
                        ^
                        ;
D:/Program Files/Keil5/ARM/CMSIS/Include\core_cm4.h(1735): error: unknown type name 'inline'
__STATIC_INLINE uint32_t ITM_SendChar (uint32_t ch)
^
D:/Program Files/Keil5/ARM/CMSIS/Include\core_cm4.h(87): note: expanded from macro '__STATIC_INLINE'
  #define __STATIC_INLINE  static inline
                                  ^
D:/Program Files/Keil5/ARM/CMSIS/Include\core_cm4.h(1735): error: expected ';' after top level declarator
__STATIC_INLINE uint32_t ITM_SendChar (uint32_t ch)
                        ^
                        ;
1 warning and 14 errors generated.
compiling stm32f37x_usart.c...
main.c(1): warning: In file included from...
D:/Program Files/Keil5/ARM/INC/ST/STM32F37x\stm32f37x.h(239): warning: In file included from...
D:/Program Files/Keil5/ARM/CMSIS/Include\core_cm4.h(187): warning: In file included from...
D:/Program Files/Keil5/ARM/CMSIS/Include\core_cmInstr.h(312): error: unknown type name 'inline'
__attribute__( ( always_inline ) ) __STATIC_INLINE void __NOP(void)
                                   ^
D:/Program Files/Keil5/ARM/CMSIS/Include\core_cm4.h(87): note: expanded from macro '__STATIC_INLINE'
  #define __STATIC_INLINE  static inline
                                  ^
main.c(1): warning: In file included from...
D:/Program Files/Keil5/ARM/INC/ST/STM32F37x\stm32f37x.h(239): warning: In file included from...
D:/Program Files/Keil5/ARM/CMSIS/Include\core_cm4.h(187): warning: In file included from...
D:/Program Files/Keil5/ARM/CMSIS/Include\core_cmInstr.h(323): error: unknown type name 'inline'
__attribute__( ( always_inline ) ) __STATIC_INLINE void __WFI(void)
                                   ^
D:/Program Files/Keil5/ARM/CMSIS/Include\core_cm4.h(87): note: expanded from macro '__STATIC_INLINE'
  #define __STATIC_INLINE  static inline
                                  ^
main.c(1): warning: In file included from...
D:/Program Files/Keil5/ARM/INC/ST/STM32F37x\stm32f37x.h(239): warning: In file included from...
D:/Program Files/Keil5/ARM/CMSIS/Include\core_cm4.h(187): warning: In file included from...
D:/Program Files/Keil5/ARM/CMSIS/Include\core_cmInstr.h(334): error: unknown type name 'inline'
__attribute__( ( always_inline ) ) __STATIC_INLINE void __WFE(void)
                                   ^
D:/Program Files/Keil5/ARM/CMSIS/Include\core_cm4.h(87): note: expanded from macro '__STATIC_INLINE'
  #define __STATIC_INLINE  static inline
                                  ^
main.c(1): warning: In file included from...
D:/Program Files/Keil5/ARM/INC/ST/STM32F37x\stm32f37x.h(239): warning: In file included from...
D:/Program Files/Keil5/ARM/CMSIS/Include\core_cm4.h(187): warning: In file included from...
D:/Program Files/Keil5/ARM/CMSIS/Include\core_cmInstr.h(344): error: unknown type name 'inline'
__attribute__( ( always_inline ) ) __STATIC_INLINE void __SEV(void)
                                   ^
D:/Program Files/Keil5/ARM/CMSIS/Include\core_cm4.h(87): note: expanded from macro '__STATIC_INLINE'
  #define __STATIC_INLINE  static inline
                                  ^
main.c(1): warning: In file included from...
D:/Program Files/Keil5/ARM/INC/ST/STM32F37x\stm32f37x.h(239): warning: In file included from...
D:/Program Files/Keil5/ARM/CMSIS/Include\core_cm4.h(187): warning: In file included from...
D:/Program Files/Keil5/ARM/CMSIS/Include\core_cmInstr.h(356): error: unknown type name 'inline'
__attribute__( ( always_inline ) ) __STATIC_INLINE void __ISB(void)
                                   ^
D:/Program Files/Keil5/ARM/CMSIS/Include\core_cm4.h(87): note: expanded from macro '__STATIC_INLINE'
  #define __STATIC_INLINE  static inline
                                  ^
main.c(1): warning: In file included from...
D:/Program Files/Keil5/ARM/INC/ST/STM32F37x\stm32f37x.h(239): warning: In file included from...
D:/Program Files/Keil5/ARM/CMSIS/Include\core_cm4.h(187): warning: In file included from...
D:/Program Files/Keil5/ARM/CMSIS/Include\core_cmInstr.h(367): error: unknown type name 'inline'
__attribute__( ( always_inline ) ) __STATIC_INLINE void __DSB(void)
                                   ^
D:/Program Files/Keil5/ARM/CMSIS/Include\core_cm4.h(87): note: expanded from macro '__STATIC_INLINE'
  #define __STATIC_INLINE  static inline
                                  ^
main.c(1): warning: In file included from...
D:/Program Files/Keil5/ARM/INC/ST/STM32F37x\stm32f37x.h(239): warning: In file included from...
D:/Program Files/Keil5/ARM/CMSIS/Include\core_cm4.h(187): warning: In file included from...
D:/Program Files/Keil5/ARM/CMSIS/Include\core_cmInstr.h(378): error: unknown type name 'inline'
__attribute__( ( always_inline ) ) __STATIC_INLINE void __DMB(void)
                                   ^
D:/Program Files/Keil5/ARM/CMSIS/Include\core_cm4.h(87): note: expanded from macro '__STATIC_INLINE'
  #define __STATIC_INLINE  static inline
                                  ^
main.c(1): warning: In file included from...
D:/Program Files/Keil5/ARM/INC/ST/STM32F37x\stm32f37x.h(239): warning: In file included from...
D:/Program Files/Keil5/ARM/CMSIS/Include\core_cm4.h(187): warning: In file included from...
D:/Program Files/Keil5/ARM/CMSIS/Include\core_cmInstr.h(391): error: unknown type name 'inline'
__attribute__( ( always_inline ) ) __STATIC_INLINE uint32_t __REV(uint32_t value)
                                   ^
D:/Program Files/Keil5/ARM/CMSIS/Include\core_cm4.h(87): note: expanded from macro '__STATIC_INLINE'
  #define __STATIC_INLINE  static inline
                                  ^
main.c(1): warning: In file included from...
D:/Program Files/Keil5/ARM/INC/ST/STM32F37x\stm32f37x.h(239): warning: In file included from...
D:/Program Files/Keil5/ARM/CMSIS/Include\core_cm4.h(187): warning: In file included from...
D:/Program Files/Keil5/ARM/CMSIS/Include\core_cmInstr.h(391): warning: 'always_inline' attribute only applies to functions [-Wignored-attributes]
__attribute__( ( always_inline ) ) __STATIC_INLINE uint32_t __REV(uint32_t value)
                 ^
D:/Program Files/Keil5/ARM/CMSIS/Include\core_cmInstr.h(391): error: expected ';' after top level declarator
__attribute__( ( always_inline ) ) __STATIC_INLINE uint32_t __REV(uint32_t value)
                                                           ^
                                                           ;
main.c(1): warning: In file included from...
D:/Program Files/Keil5/ARM/INC/ST/STM32F37x\stm32f37x.h(239): warning: In file included from...
D:/Program Files/Keil5/ARM/CMSIS/Include\core_cm4.h(1453): error: unknown type name 'inline'
__STATIC_INLINE void NVIC_SetPriorityGrouping(uint32_t PriorityGroup)
^
D:/Program Files/Keil5/ARM/CMSIS/Include\core_cm4.h(87): note: expanded from macro '__STATIC_INLINE'
  #define __STATIC_INLINE  static inline
                                  ^
D:/Program Files/Keil5/ARM/CMSIS/Include\core_cm4.h(1473): error: unknown type name 'inline'
__STATIC_INLINE uint32_t NVIC_GetPriorityGrouping(void)
^
D:/Program Files/Keil5/ARM/CMSIS/Include\core_cm4.h(87): note: expanded from macro '__STATIC_INLINE'
  #define __STATIC_INLINE  static inline
                                  ^
D:/Program Files/Keil5/ARM/CMSIS/Include\core_cm4.h(1473): error: expected ';' after top level declarator
__STATIC_INLINE uint32_t NVIC_GetPriorityGrouping(void)
                        ^
                        ;
D:/Program Files/Keil5/ARM/CMSIS/Include\core_cm4.h(1735): error: unknown type name 'inline'
__STATIC_INLINE uint32_t ITM_SendChar (uint32_t ch)
^
D:/Program Files/Keil5/ARM/CMSIS/Include\core_cm4.h(87): note: expanded from macro '__STATIC_INLINE'
  #define __STATIC_INLINE  static inline
                                  ^
D:/Program Files/Keil5/ARM/CMSIS/Include\core_cm4.h(1735): error: expected ';' after top level declarator
__STATIC_INLINE uint32_t ITM_SendChar (uint32_t ch)
                        ^
                        ;
main.c(2): warning: In file included from...
../drive\sdadc.h(5): warning: non-portable path to file '"SysTick.h"'; specified path differs in case from file name on disk [-Wnonportable-include-path]
#include "systick.h"
         ^~~~~~~~~~~
         "SysTick.h"
main.c(5): warning: non-portable path to file '"SysTick.h"'; specified path differs in case from file name on disk [-Wnonportable-include-path]
#include "systick.h"
         ^~~~~~~~~~~
         "SysTick.h"
3 warnings and 14 errors generated.
compiling main.c...
../lib/src/stm32f37x_misc.c(56): warning: In file included from...
../lib/inc\stm32f37x_misc.h(38): warning: In file included from...
D:/Program Files/Keil5/ARM/INC/ST/STM32F37x\stm32f37x.h(239): warning: In file included from...
D:/Program Files/Keil5/ARM/CMSIS/Include\core_cm4.h(187): warning: In file included from...
D:/Program Files/Keil5/ARM/CMSIS/Include\core_cmInstr.h(312): error: unknown type name 'inline'
__attribute__( ( always_inline ) ) __STATIC_INLINE void __NOP(void)
                                   ^
D:/Program Files/Keil5/ARM/CMSIS/Include\core_cm4.h(87): note: expanded from macro '__STATIC_INLINE'
  #define __STATIC_INLINE  static inline
                                  ^
../lib/src/stm32f37x_misc.c(56): warning: In file included from...
../lib/inc\stm32f37x_misc.h(38): warning: In file included from...
D:/Program Files/Keil5/ARM/INC/ST/STM32F37x\stm32f37x.h(239): warning: In file included from...
D:/Program Files/Keil5/ARM/CMSIS/Include\core_cm4.h(187): warning: In file included from...
D:/Program Files/Keil5/ARM/CMSIS/Include\core_cmInstr.h(323): error: unknown type name 'inline'
__attribute__( ( always_inline ) ) __STATIC_INLINE void __WFI(void)
                                   ^
D:/Program Files/Keil5/ARM/CMSIS/Include\core_cm4.h(87): note: expanded from macro '__STATIC_INLINE'
  #define __STATIC_INLINE  static inline
                                  ^
../lib/src/stm32f37x_misc.c(56): warning: In file included from...
../lib/inc\stm32f37x_misc.h(38): warning: In file included from...
D:/Program Files/Keil5/ARM/INC/ST/STM32F37x\stm32f37x.h(239): warning: In file included from...
D:/Program Files/Keil5/ARM/CMSIS/Include\core_cm4.h(187): warning: In file included from...
D:/Program Files/Keil5/ARM/CMSIS/Include\core_cmInstr.h(334): error: unknown type name 'inline'
__attribute__( ( always_inline ) ) __STATIC_INLINE void __WFE(void)
                                   ^
D:/Program Files/Keil5/ARM/CMSIS/Include\core_cm4.h(87): note: expanded from macro '__STATIC_INLINE'
  #define __STATIC_INLINE  static inline
                                  ^
../lib/src/stm32f37x_misc.c(56): warning: In file included from...
../lib/inc\stm32f37x_misc.h(38): warning: In file included from...
D:/Program Files/Keil5/ARM/INC/ST/STM32F37x\stm32f37x.h(239): warning: In file included from...
D:/Program Files/Keil5/ARM/CMSIS/Include\core_cm4.h(187): warning: In file included from...
D:/Program Files/Keil5/ARM/CMSIS/Include\core_cmInstr.h(344): error: unknown type name 'inline'
__attribute__( ( always_inline ) ) __STATIC_INLINE void __SEV(void)
                                   ^
D:/Program Files/Keil5/ARM/CMSIS/Include\core_cm4.h(87): note: expanded from macro '__STATIC_INLINE'
  #define __STATIC_INLINE  static inline
                                  ^
../lib/src/stm32f37x_misc.c(56): warning: In file included from...
../lib/inc\stm32f37x_misc.h(38): warning: In file included from...
D:/Program Files/Keil5/ARM/INC/ST/STM32F37x\stm32f37x.h(239): warning: In file included from...
D:/Program Files/Keil5/ARM/CMSIS/Include\core_cm4.h(187): warning: In file included from...
D:/Program Files/Keil5/ARM/CMSIS/Include\core_cmInstr.h(356): error: unknown type name 'inline'
__attribute__( ( always_inline ) ) __STATIC_INLINE void __ISB(void)
                                   ^
D:/Program Files/Keil5/ARM/CMSIS/Include\core_cm4.h(87): note: expanded from macro '__STATIC_INLINE'
  #define __STATIC_INLINE  static inline
                                  ^
../lib/src/stm32f37x_misc.c(56): warning: In file included from...
../lib/inc\stm32f37x_misc.h(38): warning: In file included from...
D:/Program Files/Keil5/ARM/INC/ST/STM32F37x\stm32f37x.h(239): warning: In file included from...
D:/Program Files/Keil5/ARM/CMSIS/Include\core_cm4.h(187): warning: In file included from...
D:/Program Files/Keil5/ARM/CMSIS/Include\core_cmInstr.h(367): error: unknown type name 'inline'
__attribute__( ( always_inline ) ) __STATIC_INLINE void __DSB(void)
                                   ^
D:/Program Files/Keil5/ARM/CMSIS/Include\core_cm4.h(87): note: expanded from macro '__STATIC_INLINE'
  #define __STATIC_INLINE  static inline
                                  ^
../lib/src/stm32f37x_misc.c(56): warning: In file included from...
../lib/inc\stm32f37x_misc.h(38): warning: In file included from...
D:/Program Files/Keil5/ARM/INC/ST/STM32F37x\stm32f37x.h(239): warning: In file included from...
D:/Program Files/Keil5/ARM/CMSIS/Include\core_cm4.h(187): warning: In file included from...
D:/Program Files/Keil5/ARM/CMSIS/Include\core_cmInstr.h(378): error: unknown type name 'inline'
__attribute__( ( always_inline ) ) __STATIC_INLINE void __DMB(void)
                                   ^
D:/Program Files/Keil5/ARM/CMSIS/Include\core_cm4.h(87): note: expanded from macro '__STATIC_INLINE'
  #define __STATIC_INLINE  static inline
                                  ^
../lib/src/stm32f37x_misc.c(56): warning: In file included from...
../lib/inc\stm32f37x_misc.h(38): warning: In file included from...
D:/Program Files/Keil5/ARM/INC/ST/STM32F37x\stm32f37x.h(239): warning: In file included from...
D:/Program Files/Keil5/ARM/CMSIS/Include\core_cm4.h(187): warning: In file included from...
D:/Program Files/Keil5/ARM/CMSIS/Include\core_cmInstr.h(391): error: unknown type name 'inline'
__attribute__( ( always_inline ) ) __STATIC_INLINE uint32_t __REV(uint32_t value)
                                   ^
D:/Program Files/Keil5/ARM/CMSIS/Include\core_cm4.h(87): note: expanded from macro '__STATIC_INLINE'
  #define __STATIC_INLINE  static inline
                                  ^
../lib/src/stm32f37x_misc.c(56): warning: In file included from...
../lib/inc\stm32f37x_misc.h(38): warning: In file included from...
D:/Program Files/Keil5/ARM/INC/ST/STM32F37x\stm32f37x.h(239): warning: In file included from...
D:/Program Files/Keil5/ARM/CMSIS/Include\core_cm4.h(187): warning: In file included from...
D:/Program Files/Keil5/ARM/CMSIS/Include\core_cmInstr.h(391): warning: 'always_inline' attribute only applies to functions [-Wignored-attributes]
__attribute__( ( always_inline ) ) __STATIC_INLINE uint32_t __REV(uint32_t value)
                 ^
D:/Program Files/Keil5/ARM/CMSIS/Include\core_cmInstr.h(391): error: expected ';' after top level declarator
__attribute__( ( always_inline ) ) __STATIC_INLINE uint32_t __REV(uint32_t value)
                                                           ^
                                                           ;
../lib/src/stm32f37x_misc.c(56): warning: In file included from...
../lib/inc\stm32f37x_misc.h(38): warning: In file included from...
D:/Program Files/Keil5/ARM/INC/ST/STM32F37x\stm32f37x.h(239): warning: In file included from...
D:/Program Files/Keil5/ARM/CMSIS/Include\core_cm4.h(1453): error: unknown type name 'inline'
__STATIC_INLINE void NVIC_SetPriorityGrouping(uint32_t PriorityGroup)
^
D:/Program Files/Keil5/ARM/CMSIS/Include\core_cm4.h(87): note: expanded from macro '__STATIC_INLINE'
  #define __STATIC_INLINE  static inline
                                  ^
D:/Program Files/Keil5/ARM/CMSIS/Include\core_cm4.h(1473): error: unknown type name 'inline'
__STATIC_INLINE uint32_t NVIC_GetPriorityGrouping(void)
^
D:/Program Files/Keil5/ARM/CMSIS/Include\core_cm4.h(87): note: expanded from macro '__STATIC_INLINE'
  #define __STATIC_INLINE  static inline
                                  ^
D:/Program Files/Keil5/ARM/CMSIS/Include\core_cm4.h(1473): error: expected ';' after top level declarator
__STATIC_INLINE uint32_t NVIC_GetPriorityGrouping(void)
                        ^
                        ;
D:/Program Files/Keil5/ARM/CMSIS/Include\core_cm4.h(1735): error: unknown type name 'inline'
__STATIC_INLINE uint32_t ITM_SendChar (uint32_t ch)
^
D:/Program Files/Keil5/ARM/CMSIS/Include\core_cm4.h(87): note: expanded from macro '__STATIC_INLINE'
  #define __STATIC_INLINE  static inline
                                  ^
D:/Program Files/Keil5/ARM/CMSIS/Include\core_cm4.h(1735): error: expected ';' after top level declarator
__STATIC_INLINE uint32_t ITM_SendChar (uint32_t ch)
                        ^
                        ;
1 warning and 14 errors generated.
compiling stm32f37x_misc.c...
../lib/src/stm32f37x_exti.c(71): warning: In file included from...
../lib/inc\stm32f37x_exti.h(38): warning: In file included from...
D:/Program Files/Keil5/ARM/INC/ST/STM32F37x\stm32f37x.h(239): warning: In file included from...
D:/Program Files/Keil5/ARM/CMSIS/Include\core_cm4.h(187): warning: In file included from...
D:/Program Files/Keil5/ARM/CMSIS/Include\core_cmInstr.h(312): error: unknown type name 'inline'
__attribute__( ( always_inline ) ) __STATIC_INLINE void __NOP(void)
                                   ^
D:/Program Files/Keil5/ARM/CMSIS/Include\core_cm4.h(87): note: expanded from macro '__STATIC_INLINE'
  #define __STATIC_INLINE  static inline
                                  ^
../lib/src/stm32f37x_exti.c(71): warning: In file included from...
../lib/inc\stm32f37x_exti.h(38): warning: In file included from...
D:/Program Files/Keil5/ARM/INC/ST/STM32F37x\stm32f37x.h(239): warning: In file included from...
D:/Program Files/Keil5/ARM/CMSIS/Include\core_cm4.h(187): warning: In file included from...
D:/Program Files/Keil5/ARM/CMSIS/Include\core_cmInstr.h(323): error: unknown type name 'inline'
__attribute__( ( always_inline ) ) __STATIC_INLINE void __WFI(void)
                                   ^
D:/Program Files/Keil5/ARM/CMSIS/Include\core_cm4.h(87): note: expanded from macro '__STATIC_INLINE'
  #define __STATIC_INLINE  static inline
                                  ^
../lib/src/stm32f37x_exti.c(71): warning: In file included from...
../lib/inc\stm32f37x_exti.h(38): warning: In file included from...
D:/Program Files/Keil5/ARM/INC/ST/STM32F37x\stm32f37x.h(239): warning: In file included from...
D:/Program Files/Keil5/ARM/CMSIS/Include\core_cm4.h(187): warning: In file included from...
D:/Program Files/Keil5/ARM/CMSIS/Include\core_cmInstr.h(334): error: unknown type name 'inline'
__attribute__( ( always_inline ) ) __STATIC_INLINE void __WFE(void)
                                   ^
D:/Program Files/Keil5/ARM/CMSIS/Include\core_cm4.h(87): note: expanded from macro '__STATIC_INLINE'
  #define __STATIC_INLINE  static inline
                                  ^
../lib/src/stm32f37x_exti.c(71): warning: In file included from...
../lib/inc\stm32f37x_exti.h(38): warning: In file included from...
D:/Program Files/Keil5/ARM/INC/ST/STM32F37x\stm32f37x.h(239): warning: In file included from...
D:/Program Files/Keil5/ARM/CMSIS/Include\core_cm4.h(187): warning: In file included from...
D:/Program Files/Keil5/ARM/CMSIS/Include\core_cmInstr.h(344): error: unknown type name 'inline'
__attribute__( ( always_inline ) ) __STATIC_INLINE void __SEV(void)
                                   ^
D:/Program Files/Keil5/ARM/CMSIS/Include\core_cm4.h(87): note: expanded from macro '__STATIC_INLINE'
  #define __STATIC_INLINE  static inline
                                  ^
../lib/src/stm32f37x_exti.c(71): warning: In file included from...
../lib/inc\stm32f37x_exti.h(38): warning: In file included from...
D:/Program Files/Keil5/ARM/INC/ST/STM32F37x\stm32f37x.h(239): warning: In file included from...
D:/Program Files/Keil5/ARM/CMSIS/Include\core_cm4.h(187): warning: In file included from...
D:/Program Files/Keil5/ARM/CMSIS/Include\core_cmInstr.h(356): error: unknown type name 'inline'
__attribute__( ( always_inline ) ) __STATIC_INLINE void __ISB(void)
                                   ^
D:/Program Files/Keil5/ARM/CMSIS/Include\core_cm4.h(87): note: expanded from macro '__STATIC_INLINE'
  #define __STATIC_INLINE  static inline
                                  ^
../lib/src/stm32f37x_exti.c(71): warning: In file included from...
../lib/inc\stm32f37x_exti.h(38): warning: In file included from...
D:/Program Files/Keil5/ARM/INC/ST/STM32F37x\stm32f37x.h(239): warning: In file included from...
D:/Program Files/Keil5/ARM/CMSIS/Include\core_cm4.h(187): warning: In file included from...
D:/Program Files/Keil5/ARM/CMSIS/Include\core_cmInstr.h(367): error: unknown type name 'inline'
__attribute__( ( always_inline ) ) __STATIC_INLINE void __DSB(void)
                                   ^
D:/Program Files/Keil5/ARM/CMSIS/Include\core_cm4.h(87): note: expanded from macro '__STATIC_INLINE'
  #define __STATIC_INLINE  static inline
                                  ^
../lib/src/stm32f37x_exti.c(71): warning: In file included from...
../lib/inc\stm32f37x_exti.h(38): warning: In file included from...
D:/Program Files/Keil5/ARM/INC/ST/STM32F37x\stm32f37x.h(239): warning: In file included from...
D:/Program Files/Keil5/ARM/CMSIS/Include\core_cm4.h(187): warning: In file included from...
D:/Program Files/Keil5/ARM/CMSIS/Include\core_cmInstr.h(378): error: unknown type name 'inline'
__attribute__( ( always_inline ) ) __STATIC_INLINE void __DMB(void)
                                   ^
D:/Program Files/Keil5/ARM/CMSIS/Include\core_cm4.h(87): note: expanded from macro '__STATIC_INLINE'
  #define __STATIC_INLINE  static inline
                                  ^
../lib/src/stm32f37x_exti.c(71): warning: In file included from...
../lib/inc\stm32f37x_exti.h(38): warning: In file included from...
D:/Program Files/Keil5/ARM/INC/ST/STM32F37x\stm32f37x.h(239): warning: In file included from...
D:/Program Files/Keil5/ARM/CMSIS/Include\core_cm4.h(187): warning: In file included from...
D:/Program Files/Keil5/ARM/CMSIS/Include\core_cmInstr.h(391): error: unknown type name 'inline'
__attribute__( ( always_inline ) ) __STATIC_INLINE uint32_t __REV(uint32_t value)
                                   ^
D:/Program Files/Keil5/ARM/CMSIS/Include\core_cm4.h(87): note: expanded from macro '__STATIC_INLINE'
  #define __STATIC_INLINE  static inline
                                  ^
../lib/src/stm32f37x_exti.c(71): warning: In file included from...
../lib/inc\stm32f37x_exti.h(38): warning: In file included from...
D:/Program Files/Keil5/ARM/INC/ST/STM32F37x\stm32f37x.h(239): warning: In file included from...
D:/Program Files/Keil5/ARM/CMSIS/Include\core_cm4.h(187): warning: In file included from...
D:/Program Files/Keil5/ARM/CMSIS/Include\core_cmInstr.h(391): warning: 'always_inline' attribute only applies to functions [-Wignored-attributes]
__attribute__( ( always_inline ) ) __STATIC_INLINE uint32_t __REV(uint32_t value)
                 ^
D:/Program Files/Keil5/ARM/CMSIS/Include\core_cmInstr.h(391): error: expected ';' after top level declarator
__attribute__( ( always_inline ) ) __STATIC_INLINE uint32_t __REV(uint32_t value)
                                                           ^
                                                           ;
../lib/src/stm32f37x_exti.c(71): warning: In file included from...
../lib/inc\stm32f37x_exti.h(38): warning: In file included from...
D:/Program Files/Keil5/ARM/INC/ST/STM32F37x\stm32f37x.h(239): warning: In file included from...
D:/Program Files/Keil5/ARM/CMSIS/Include\core_cm4.h(1453): error: unknown type name 'inline'
__STATIC_INLINE void NVIC_SetPriorityGrouping(uint32_t PriorityGroup)
^
D:/Program Files/Keil5/ARM/CMSIS/Include\core_cm4.h(87): note: expanded from macro '__STATIC_INLINE'
  #define __STATIC_INLINE  static inline
                                  ^
D:/Program Files/Keil5/ARM/CMSIS/Include\core_cm4.h(1473): error: unknown type name 'inline'
__STATIC_INLINE uint32_t NVIC_GetPriorityGrouping(void)
^
D:/Program Files/Keil5/ARM/CMSIS/Include\core_cm4.h(87): note: expanded from macro '__STATIC_INLINE'
  #define __STATIC_INLINE  static inline
                                  ^
D:/Program Files/Keil5/ARM/CMSIS/Include\core_cm4.h(1473): error: expected ';' after top level declarator
__STATIC_INLINE uint32_t NVIC_GetPriorityGrouping(void)
                        ^
                        ;
D:/Program Files/Keil5/ARM/CMSIS/Include\core_cm4.h(1735): error: unknown type name 'inline'
__STATIC_INLINE uint32_t ITM_SendChar (uint32_t ch)
^
D:/Program Files/Keil5/ARM/CMSIS/Include\core_cm4.h(87): note: expanded from macro '__STATIC_INLINE'
  #define __STATIC_INLINE  static inline
                                  ^
D:/Program Files/Keil5/ARM/CMSIS/Include\core_cm4.h(1735): error: expected ';' after top level declarator
__STATIC_INLINE uint32_t ITM_SendChar (uint32_t ch)
                        ^
                        ;
1 warning and 14 errors generated.
compiling stm32f37x_exti.c...
../lib/src/stm32f37x_sdadc.c(87): warning: In file included from...
../lib/inc\stm32f37x_sdadc.h(38): warning: In file included from...
D:/Program Files/Keil5/ARM/INC/ST/STM32F37x\stm32f37x.h(239): warning: In file included from...
D:/Program Files/Keil5/ARM/CMSIS/Include\core_cm4.h(187): warning: In file included from...
D:/Program Files/Keil5/ARM/CMSIS/Include\core_cmInstr.h(312): error: unknown type name 'inline'
__attribute__( ( always_inline ) ) __STATIC_INLINE void __NOP(void)
                                   ^
D:/Program Files/Keil5/ARM/CMSIS/Include\core_cm4.h(87): note: expanded from macro '__STATIC_INLINE'
  #define __STATIC_INLINE  static inline
                                  ^
../lib/src/stm32f37x_sdadc.c(87): warning: In file included from...
../lib/inc\stm32f37x_sdadc.h(38): warning: In file included from...
D:/Program Files/Keil5/ARM/INC/ST/STM32F37x\stm32f37x.h(239): warning: In file included from...
D:/Program Files/Keil5/ARM/CMSIS/Include\core_cm4.h(187): warning: In file included from...
D:/Program Files/Keil5/ARM/CMSIS/Include\core_cmInstr.h(323): error: unknown type name 'inline'
__attribute__( ( always_inline ) ) __STATIC_INLINE void __WFI(void)
                                   ^
D:/Program Files/Keil5/ARM/CMSIS/Include\core_cm4.h(87): note: expanded from macro '__STATIC_INLINE'
  #define __STATIC_INLINE  static inline
                                  ^
../lib/src/stm32f37x_sdadc.c(87): warning: In file included from...
../lib/inc\stm32f37x_sdadc.h(38): warning: In file included from...
D:/Program Files/Keil5/ARM/INC/ST/STM32F37x\stm32f37x.h(239): warning: In file included from...
D:/Program Files/Keil5/ARM/CMSIS/Include\core_cm4.h(187): warning: In file included from...
D:/Program Files/Keil5/ARM/CMSIS/Include\core_cmInstr.h(334): error: unknown type name 'inline'
__attribute__( ( always_inline ) ) __STATIC_INLINE void __WFE(void)
                                   ^
D:/Program Files/Keil5/ARM/CMSIS/Include\core_cm4.h(87): note: expanded from macro '__STATIC_INLINE'
  #define __STATIC_INLINE  static inline
                                  ^
../lib/src/stm32f37x_sdadc.c(87): warning: In file included from...
../lib/inc\stm32f37x_sdadc.h(38): warning: In file included from...
D:/Program Files/Keil5/ARM/INC/ST/STM32F37x\stm32f37x.h(239): warning: In file included from...
D:/Program Files/Keil5/ARM/CMSIS/Include\core_cm4.h(187): warning: In file included from...
D:/Program Files/Keil5/ARM/CMSIS/Include\core_cmInstr.h(344): error: unknown type name 'inline'
__attribute__( ( always_inline ) ) __STATIC_INLINE void __SEV(void)
                                   ^
D:/Program Files/Keil5/ARM/CMSIS/Include\core_cm4.h(87): note: expanded from macro '__STATIC_INLINE'
  #define __STATIC_INLINE  static inline
                                  ^
../lib/src/stm32f37x_sdadc.c(87): warning: In file included from...
../lib/inc\stm32f37x_sdadc.h(38): warning: In file included from...
D:/Program Files/Keil5/ARM/INC/ST/STM32F37x\stm32f37x.h(239): warning: In file included from...
D:/Program Files/Keil5/ARM/CMSIS/Include\core_cm4.h(187): warning: In file included from...
D:/Program Files/Keil5/ARM/CMSIS/Include\core_cmInstr.h(356): error: unknown type name 'inline'
__attribute__( ( always_inline ) ) __STATIC_INLINE void __ISB(void)
                                   ^
D:/Program Files/Keil5/ARM/CMSIS/Include\core_cm4.h(87): note: expanded from macro '__STATIC_INLINE'
  #define __STATIC_INLINE  static inline
                                  ^
../lib/src/stm32f37x_sdadc.c(87): warning: In file included from...
../lib/inc\stm32f37x_sdadc.h(38): warning: In file included from...
D:/Program Files/Keil5/ARM/INC/ST/STM32F37x\stm32f37x.h(239): warning: In file included from...
D:/Program Files/Keil5/ARM/CMSIS/Include\core_cm4.h(187): warning: In file included from...
D:/Program Files/Keil5/ARM/CMSIS/Include\core_cmInstr.h(367): error: unknown type name 'inline'
__attribute__( ( always_inline ) ) __STATIC_INLINE void __DSB(void)
                                   ^
D:/Program Files/Keil5/ARM/CMSIS/Include\core_cm4.h(87): note: expanded from macro '__STATIC_INLINE'
  #define __STATIC_INLINE  static inline
                                  ^
../lib/src/stm32f37x_sdadc.c(87): warning: In file included from...
../lib/inc\stm32f37x_sdadc.h(38): warning: In file included from...
D:/Program Files/Keil5/ARM/INC/ST/STM32F37x\stm32f37x.h(239): warning: In file included from...
D:/Program Files/Keil5/ARM/CMSIS/Include\core_cm4.h(187): warning: In file included from...
D:/Program Files/Keil5/ARM/CMSIS/Include\core_cmInstr.h(378): error: unknown type name 'inline'
__attribute__( ( always_inline ) ) __STATIC_INLINE void __DMB(void)
                                   ^
D:/Program Files/Keil5/ARM/CMSIS/Include\core_cm4.h(87): note: expanded from macro '__STATIC_INLINE'
  #define __STATIC_INLINE  static inline
                                  ^
../lib/src/stm32f37x_sdadc.c(87): warning: In file included from...
../lib/inc\stm32f37x_sdadc.h(38): warning: In file included from...
D:/Program Files/Keil5/ARM/INC/ST/STM32F37x\stm32f37x.h(239): warning: In file included from...
D:/Program Files/Keil5/ARM/CMSIS/Include\core_cm4.h(187): warning: In file included from...
D:/Program Files/Keil5/ARM/CMSIS/Include\core_cmInstr.h(391): error: unknown type name 'inline'
__attribute__( ( always_inline ) ) __STATIC_INLINE uint32_t __REV(uint32_t value)
                                   ^
D:/Program Files/Keil5/ARM/CMSIS/Include\core_cm4.h(87): note: expanded from macro '__STATIC_INLINE'
  #define __STATIC_INLINE  static inline
                                  ^
../lib/src/stm32f37x_sdadc.c(87): warning: In file included from...
../lib/inc\stm32f37x_sdadc.h(38): warning: In file included from...
D:/Program Files/Keil5/ARM/INC/ST/STM32F37x\stm32f37x.h(239): warning: In file included from...
D:/Program Files/Keil5/ARM/CMSIS/Include\core_cm4.h(187): warning: In file included from...
D:/Program Files/Keil5/ARM/CMSIS/Include\core_cmInstr.h(391): warning: 'always_inline' attribute only applies to functions [-Wignored-attributes]
__attribute__( ( always_inline ) ) __STATIC_INLINE uint32_t __REV(uint32_t value)
                 ^
D:/Program Files/Keil5/ARM/CMSIS/Include\core_cmInstr.h(391): error: expected ';' after top level declarator
__attribute__( ( always_inline ) ) __STATIC_INLINE uint32_t __REV(uint32_t value)
                                                           ^
                                                           ;
../lib/src/stm32f37x_sdadc.c(87): warning: In file included from...
../lib/inc\stm32f37x_sdadc.h(38): warning: In file included from...
D:/Program Files/Keil5/ARM/INC/ST/STM32F37x\stm32f37x.h(239): warning: In file included from...
D:/Program Files/Keil5/ARM/CMSIS/Include\core_cm4.h(1453): error: unknown type name 'inline'
__STATIC_INLINE void NVIC_SetPriorityGrouping(uint32_t PriorityGroup)
^
D:/Program Files/Keil5/ARM/CMSIS/Include\core_cm4.h(87): note: expanded from macro '__STATIC_INLINE'
  #define __STATIC_INLINE  static inline
                                  ^
D:/Program Files/Keil5/ARM/CMSIS/Include\core_cm4.h(1473): error: unknown type name 'inline'
__STATIC_INLINE uint32_t NVIC_GetPriorityGrouping(void)
^
D:/Program Files/Keil5/ARM/CMSIS/Include\core_cm4.h(87): note: expanded from macro '__STATIC_INLINE'
  #define __STATIC_INLINE  static inline
                                  ^
D:/Program Files/Keil5/ARM/CMSIS/Include\core_cm4.h(1473): error: expected ';' after top level declarator
__STATIC_INLINE uint32_t NVIC_GetPriorityGrouping(void)
                        ^
                        ;
D:/Program Files/Keil5/ARM/CMSIS/Include\core_cm4.h(1735): error: unknown type name 'inline'
__STATIC_INLINE uint32_t ITM_SendChar (uint32_t ch)
^
D:/Program Files/Keil5/ARM/CMSIS/Include\core_cm4.h(87): note: expanded from macro '__STATIC_INLINE'
  #define __STATIC_INLINE  static inline
                                  ^
D:/Program Files/Keil5/ARM/CMSIS/Include\core_cm4.h(1735): error: expected ';' after top level declarator
__STATIC_INLINE uint32_t ITM_SendChar (uint32_t ch)
                        ^
                        ;
1 warning and 14 errors generated.
compiling stm32f37x_sdadc.c...
../drive/uart.c(1): warning: In file included from...
../drive/uart.h(4): warning: In file included from...
D:/Program Files/Keil5/ARM/INC/ST/STM32F37x\stm32f37x.h(239): warning: In file included from...
D:/Program Files/Keil5/ARM/CMSIS/Include\core_cm4.h(187): warning: In file included from...
D:/Program Files/Keil5/ARM/CMSIS/Include\core_cmInstr.h(312): error: unknown type name 'inline'
__attribute__( ( always_inline ) ) __STATIC_INLINE void __NOP(void)
                                   ^
D:/Program Files/Keil5/ARM/CMSIS/Include\core_cm4.h(87): note: expanded from macro '__STATIC_INLINE'
  #define __STATIC_INLINE  static inline
                                  ^
../drive/uart.c(1): warning: In file included from...
../drive/uart.h(4): warning: In file included from...
D:/Program Files/Keil5/ARM/INC/ST/STM32F37x\stm32f37x.h(239): warning: In file included from...
D:/Program Files/Keil5/ARM/CMSIS/Include\core_cm4.h(187): warning: In file included from...
D:/Program Files/Keil5/ARM/CMSIS/Include\core_cmInstr.h(323): error: unknown type name 'inline'
__attribute__( ( always_inline ) ) __STATIC_INLINE void __WFI(void)
                                   ^
D:/Program Files/Keil5/ARM/CMSIS/Include\core_cm4.h(87): note: expanded from macro '__STATIC_INLINE'
  #define __STATIC_INLINE  static inline
                                  ^
../drive/uart.c(1): warning: In file included from...
../drive/uart.h(4): warning: In file included from...
D:/Program Files/Keil5/ARM/INC/ST/STM32F37x\stm32f37x.h(239): warning: In file included from...
D:/Program Files/Keil5/ARM/CMSIS/Include\core_cm4.h(187): warning: In file included from...
D:/Program Files/Keil5/ARM/CMSIS/Include\core_cmInstr.h(334): error: unknown type name 'inline'
__attribute__( ( always_inline ) ) __STATIC_INLINE void __WFE(void)
                                   ^
D:/Program Files/Keil5/ARM/CMSIS/Include\core_cm4.h(87): note: expanded from macro '__STATIC_INLINE'
  #define __STATIC_INLINE  static inline
                                  ^
../drive/uart.c(1): warning: In file included from...
../drive/uart.h(4): warning: In file included from...
D:/Program Files/Keil5/ARM/INC/ST/STM32F37x\stm32f37x.h(239): warning: In file included from...
D:/Program Files/Keil5/ARM/CMSIS/Include\core_cm4.h(187): warning: In file included from...
D:/Program Files/Keil5/ARM/CMSIS/Include\core_cmInstr.h(344): error: unknown type name 'inline'
__attribute__( ( always_inline ) ) __STATIC_INLINE void __SEV(void)
                                   ^
D:/Program Files/Keil5/ARM/CMSIS/Include\core_cm4.h(87): note: expanded from macro '__STATIC_INLINE'
  #define __STATIC_INLINE  static inline
                                  ^
../drive/uart.c(1): warning: In file included from...
../drive/uart.h(4): warning: In file included from...
D:/Program Files/Keil5/ARM/INC/ST/STM32F37x\stm32f37x.h(239): warning: In file included from...
D:/Program Files/Keil5/ARM/CMSIS/Include\core_cm4.h(187): warning: In file included from...
D:/Program Files/Keil5/ARM/CMSIS/Include\core_cmInstr.h(356): error: unknown type name 'inline'
__attribute__( ( always_inline ) ) __STATIC_INLINE void __ISB(void)
                                   ^
D:/Program Files/Keil5/ARM/CMSIS/Include\core_cm4.h(87): note: expanded from macro '__STATIC_INLINE'
  #define __STATIC_INLINE  static inline
                                  ^
../drive/uart.c(1): warning: In file included from...
../drive/uart.h(4): warning: In file included from...
D:/Program Files/Keil5/ARM/INC/ST/STM32F37x\stm32f37x.h(239): warning: In file included from...
D:/Program Files/Keil5/ARM/CMSIS/Include\core_cm4.h(187): warning: In file included from...
D:/Program Files/Keil5/ARM/CMSIS/Include\core_cmInstr.h(367): error: unknown type name 'inline'
__attribute__( ( always_inline ) ) __STATIC_INLINE void __DSB(void)
                                   ^
D:/Program Files/Keil5/ARM/CMSIS/Include\core_cm4.h(87): note: expanded from macro '__STATIC_INLINE'
  #define __STATIC_INLINE  static inline
                                  ^
../drive/uart.c(1): warning: In file included from...
../drive/uart.h(4): warning: In file included from...
D:/Program Files/Keil5/ARM/INC/ST/STM32F37x\stm32f37x.h(239): warning: In file included from...
D:/Program Files/Keil5/ARM/CMSIS/Include\core_cm4.h(187): warning: In file included from...
D:/Program Files/Keil5/ARM/CMSIS/Include\core_cmInstr.h(378): error: unknown type name 'inline'
__attribute__( ( always_inline ) ) __STATIC_INLINE void __DMB(void)
                                   ^
D:/Program Files/Keil5/ARM/CMSIS/Include\core_cm4.h(87): note: expanded from macro '__STATIC_INLINE'
  #define __STATIC_INLINE  static inline
                                  ^
../drive/uart.c(1): warning: In file included from...
../drive/uart.h(4): warning: In file included from...
D:/Program Files/Keil5/ARM/INC/ST/STM32F37x\stm32f37x.h(239): warning: In file included from...
D:/Program Files/Keil5/ARM/CMSIS/Include\core_cm4.h(187): warning: In file included from...
D:/Program Files/Keil5/ARM/CMSIS/Include\core_cmInstr.h(391): error: unknown type name 'inline'
__attribute__( ( always_inline ) ) __STATIC_INLINE uint32_t __REV(uint32_t value)
                                   ^
D:/Program Files/Keil5/ARM/CMSIS/Include\core_cm4.h(87): note: expanded from macro '__STATIC_INLINE'
  #define __STATIC_INLINE  static inline
                                  ^
../drive/uart.c(1): warning: In file included from...
../drive/uart.h(4): warning: In file included from...
D:/Program Files/Keil5/ARM/INC/ST/STM32F37x\stm32f37x.h(239): warning: In file included from...
D:/Program Files/Keil5/ARM/CMSIS/Include\core_cm4.h(187): warning: In file included from...
D:/Program Files/Keil5/ARM/CMSIS/Include\core_cmInstr.h(391): warning: 'always_inline' attribute only applies to functions [-Wignored-attributes]
__attribute__( ( always_inline ) ) __STATIC_INLINE uint32_t __REV(uint32_t value)
                 ^
D:/Program Files/Keil5/ARM/CMSIS/Include\core_cmInstr.h(391): error: expected ';' after top level declarator
__attribute__( ( always_inline ) ) __STATIC_INLINE uint32_t __REV(uint32_t value)
                                                           ^
                                                           ;
../drive/uart.c(1): warning: In file included from...
../drive/uart.h(4): warning: In file included from...
D:/Program Files/Keil5/ARM/INC/ST/STM32F37x\stm32f37x.h(239): warning: In file included from...
D:/Program Files/Keil5/ARM/CMSIS/Include\core_cm4.h(1453): error: unknown type name 'inline'
__STATIC_INLINE void NVIC_SetPriorityGrouping(uint32_t PriorityGroup)
^
D:/Program Files/Keil5/ARM/CMSIS/Include\core_cm4.h(87): note: expanded from macro '__STATIC_INLINE'
  #define __STATIC_INLINE  static inline
                                  ^
D:/Program Files/Keil5/ARM/CMSIS/Include\core_cm4.h(1473): error: unknown type name 'inline'
__STATIC_INLINE uint32_t NVIC_GetPriorityGrouping(void)
^
D:/Program Files/Keil5/ARM/CMSIS/Include\core_cm4.h(87): note: expanded from macro '__STATIC_INLINE'
  #define __STATIC_INLINE  static inline
                                  ^
D:/Program Files/Keil5/ARM/CMSIS/Include\core_cm4.h(1473): error: expected ';' after top level declarator
__STATIC_INLINE uint32_t NVIC_GetPriorityGrouping(void)
                        ^
                        ;
D:/Program Files/Keil5/ARM/CMSIS/Include\core_cm4.h(1735): error: unknown type name 'inline'
__STATIC_INLINE uint32_t ITM_SendChar (uint32_t ch)
^
D:/Program Files/Keil5/ARM/CMSIS/Include\core_cm4.h(87): note: expanded from macro '__STATIC_INLINE'
  #define __STATIC_INLINE  static inline
                                  ^
D:/Program Files/Keil5/ARM/CMSIS/Include\core_cm4.h(1735): error: expected ';' after top level declarator
__STATIC_INLINE uint32_t ITM_SendChar (uint32_t ch)
                        ^
                        ;
1 warning and 14 errors generated.
compiling uart.c...
../drive/exit.c(1): warning: In file included from...
../drive/exit.h(4): warning: In file included from...
D:/Program Files/Keil5/ARM/INC/ST/STM32F37x\stm32f37x.h(239): warning: In file included from...
D:/Program Files/Keil5/ARM/CMSIS/Include\core_cm4.h(187): warning: In file included from...
D:/Program Files/Keil5/ARM/CMSIS/Include\core_cmInstr.h(312): error: unknown type name 'inline'
__attribute__( ( always_inline ) ) __STATIC_INLINE void __NOP(void)
                                   ^
D:/Program Files/Keil5/ARM/CMSIS/Include\core_cm4.h(87): note: expanded from macro '__STATIC_INLINE'
  #define __STATIC_INLINE  static inline
                                  ^
../drive/exit.c(1): warning: In file included from...
../drive/exit.h(4): warning: In file included from...
D:/Program Files/Keil5/ARM/INC/ST/STM32F37x\stm32f37x.h(239): warning: In file included from...
D:/Program Files/Keil5/ARM/CMSIS/Include\core_cm4.h(187): warning: In file included from...
D:/Program Files/Keil5/ARM/CMSIS/Include\core_cmInstr.h(323): error: unknown type name 'inline'
__attribute__( ( always_inline ) ) __STATIC_INLINE void __WFI(void)
                                   ^
D:/Program Files/Keil5/ARM/CMSIS/Include\core_cm4.h(87): note: expanded from macro '__STATIC_INLINE'
  #define __STATIC_INLINE  static inline
                                  ^
../drive/exit.c(1): warning: In file included from...
../drive/exit.h(4): warning: In file included from...
D:/Program Files/Keil5/ARM/INC/ST/STM32F37x\stm32f37x.h(239): warning: In file included from...
D:/Program Files/Keil5/ARM/CMSIS/Include\core_cm4.h(187): warning: In file included from...
D:/Program Files/Keil5/ARM/CMSIS/Include\core_cmInstr.h(334): error: unknown type name 'inline'
__attribute__( ( always_inline ) ) __STATIC_INLINE void __WFE(void)
                                   ^
D:/Program Files/Keil5/ARM/CMSIS/Include\core_cm4.h(87): note: expanded from macro '__STATIC_INLINE'
  #define __STATIC_INLINE  static inline
                                  ^
../drive/exit.c(1): warning: In file included from...
../drive/exit.h(4): warning: In file included from...
D:/Program Files/Keil5/ARM/INC/ST/STM32F37x\stm32f37x.h(239): warning: In file included from...
D:/Program Files/Keil5/ARM/CMSIS/Include\core_cm4.h(187): warning: In file included from...
D:/Program Files/Keil5/ARM/CMSIS/Include\core_cmInstr.h(344): error: unknown type name 'inline'
__attribute__( ( always_inline ) ) __STATIC_INLINE void __SEV(void)
                                   ^
D:/Program Files/Keil5/ARM/CMSIS/Include\core_cm4.h(87): note: expanded from macro '__STATIC_INLINE'
  #define __STATIC_INLINE  static inline
                                  ^
../drive/exit.c(1): warning: In file included from...
../drive/exit.h(4): warning: In file included from...
D:/Program Files/Keil5/ARM/INC/ST/STM32F37x\stm32f37x.h(239): warning: In file included from...
D:/Program Files/Keil5/ARM/CMSIS/Include\core_cm4.h(187): warning: In file included from...
D:/Program Files/Keil5/ARM/CMSIS/Include\core_cmInstr.h(356): error: unknown type name 'inline'
__attribute__( ( always_inline ) ) __STATIC_INLINE void __ISB(void)
                                   ^
D:/Program Files/Keil5/ARM/CMSIS/Include\core_cm4.h(87): note: expanded from macro '__STATIC_INLINE'
  #define __STATIC_INLINE  static inline
                                  ^
../drive/exit.c(1): warning: In file included from...
../drive/exit.h(4): warning: In file included from...
D:/Program Files/Keil5/ARM/INC/ST/STM32F37x\stm32f37x.h(239): warning: In file included from...
D:/Program Files/Keil5/ARM/CMSIS/Include\core_cm4.h(187): warning: In file included from...
D:/Program Files/Keil5/ARM/CMSIS/Include\core_cmInstr.h(367): error: unknown type name 'inline'
__attribute__( ( always_inline ) ) __STATIC_INLINE void __DSB(void)
                                   ^
D:/Program Files/Keil5/ARM/CMSIS/Include\core_cm4.h(87): note: expanded from macro '__STATIC_INLINE'
  #define __STATIC_INLINE  static inline
                                  ^
../drive/exit.c(1): warning: In file included from...
../drive/exit.h(4): warning: In file included from...
D:/Program Files/Keil5/ARM/INC/ST/STM32F37x\stm32f37x.h(239): warning: In file included from...
D:/Program Files/Keil5/ARM/CMSIS/Include\core_cm4.h(187): warning: In file included from...
D:/Program Files/Keil5/ARM/CMSIS/Include\core_cmInstr.h(378): error: unknown type name 'inline'
__attribute__( ( always_inline ) ) __STATIC_INLINE void __DMB(void)
                                   ^
D:/Program Files/Keil5/ARM/CMSIS/Include\core_cm4.h(87): note: expanded from macro '__STATIC_INLINE'
  #define __STATIC_INLINE  static inline
                                  ^
../drive/exit.c(1): warning: In file included from...
../drive/exit.h(4): warning: In file included from...
D:/Program Files/Keil5/ARM/INC/ST/STM32F37x\stm32f37x.h(239): warning: In file included from...
D:/Program Files/Keil5/ARM/CMSIS/Include\core_cm4.h(187): warning: In file included from...
D:/Program Files/Keil5/ARM/CMSIS/Include\core_cmInstr.h(391): error: unknown type name 'inline'
__attribute__( ( always_inline ) ) __STATIC_INLINE uint32_t __REV(uint32_t value)
                                   ^
D:/Program Files/Keil5/ARM/CMSIS/Include\core_cm4.h(87): note: expanded from macro '__STATIC_INLINE'
  #define __STATIC_INLINE  static inline
                                  ^
../drive/exit.c(1): warning: In file included from...
../drive/exit.h(4): warning: In file included from...
D:/Program Files/Keil5/ARM/INC/ST/STM32F37x\stm32f37x.h(239): warning: In file included from...
D:/Program Files/Keil5/ARM/CMSIS/Include\core_cm4.h(187): warning: In file included from...
D:/Program Files/Keil5/ARM/CMSIS/Include\core_cmInstr.h(391): warning: 'always_inline' attribute only applies to functions [-Wignored-attributes]
__attribute__( ( always_inline ) ) __STATIC_INLINE uint32_t __REV(uint32_t value)
                 ^
D:/Program Files/Keil5/ARM/CMSIS/Include\core_cmInstr.h(391): error: expected ';' after top level declarator
__attribute__( ( always_inline ) ) __STATIC_INLINE uint32_t __REV(uint32_t value)
                                                           ^
                                                           ;
../drive/exit.c(1): warning: In file included from...
../drive/exit.h(4): warning: In file included from...
D:/Program Files/Keil5/ARM/INC/ST/STM32F37x\stm32f37x.h(239): warning: In file included from...
D:/Program Files/Keil5/ARM/CMSIS/Include\core_cm4.h(1453): error: unknown type name 'inline'
__STATIC_INLINE void NVIC_SetPriorityGrouping(uint32_t PriorityGroup)
^
D:/Program Files/Keil5/ARM/CMSIS/Include\core_cm4.h(87): note: expanded from macro '__STATIC_INLINE'
  #define __STATIC_INLINE  static inline
                                  ^
D:/Program Files/Keil5/ARM/CMSIS/Include\core_cm4.h(1473): error: unknown type name 'inline'
__STATIC_INLINE uint32_t NVIC_GetPriorityGrouping(void)
^
D:/Program Files/Keil5/ARM/CMSIS/Include\core_cm4.h(87): note: expanded from macro '__STATIC_INLINE'
  #define __STATIC_INLINE  static inline
                                  ^
D:/Program Files/Keil5/ARM/CMSIS/Include\core_cm4.h(1473): error: expected ';' after top level declarator
__STATIC_INLINE uint32_t NVIC_GetPriorityGrouping(void)
                        ^
                        ;
D:/Program Files/Keil5/ARM/CMSIS/Include\core_cm4.h(1735): error: unknown type name 'inline'
__STATIC_INLINE uint32_t ITM_SendChar (uint32_t ch)
^
D:/Program Files/Keil5/ARM/CMSIS/Include\core_cm4.h(87): note: expanded from macro '__STATIC_INLINE'
  #define __STATIC_INLINE  static inline
                                  ^
D:/Program Files/Keil5/ARM/CMSIS/Include\core_cm4.h(1735): error: expected ';' after top level declarator
__STATIC_INLINE uint32_t ITM_SendChar (uint32_t ch)
                        ^
                        ;
1 warning and 14 errors generated.
compiling exit.c...
../lib/src/stm32f37x_rcc.c(58): warning: In file included from...
../lib/inc\stm32f37x_rcc.h(38): warning: In file included from...
D:/Program Files/Keil5/ARM/INC/ST/STM32F37x\stm32f37x.h(239): warning: In file included from...
D:/Program Files/Keil5/ARM/CMSIS/Include\core_cm4.h(187): warning: In file included from...
D:/Program Files/Keil5/ARM/CMSIS/Include\core_cmInstr.h(312): error: unknown type name 'inline'
__attribute__( ( always_inline ) ) __STATIC_INLINE void __NOP(void)
                                   ^
D:/Program Files/Keil5/ARM/CMSIS/Include\core_cm4.h(87): note: expanded from macro '__STATIC_INLINE'
  #define __STATIC_INLINE  static inline
                                  ^
../lib/src/stm32f37x_rcc.c(58): warning: In file included from...
../lib/inc\stm32f37x_rcc.h(38): warning: In file included from...
D:/Program Files/Keil5/ARM/INC/ST/STM32F37x\stm32f37x.h(239): warning: In file included from...
D:/Program Files/Keil5/ARM/CMSIS/Include\core_cm4.h(187): warning: In file included from...
D:/Program Files/Keil5/ARM/CMSIS/Include\core_cmInstr.h(323): error: unknown type name 'inline'
__attribute__( ( always_inline ) ) __STATIC_INLINE void __WFI(void)
                                   ^
D:/Program Files/Keil5/ARM/CMSIS/Include\core_cm4.h(87): note: expanded from macro '__STATIC_INLINE'
  #define __STATIC_INLINE  static inline
                                  ^
../lib/src/stm32f37x_rcc.c(58): warning: In file included from...
../lib/inc\stm32f37x_rcc.h(38): warning: In file included from...
D:/Program Files/Keil5/ARM/INC/ST/STM32F37x\stm32f37x.h(239): warning: In file included from...
D:/Program Files/Keil5/ARM/CMSIS/Include\core_cm4.h(187): warning: In file included from...
D:/Program Files/Keil5/ARM/CMSIS/Include\core_cmInstr.h(334): error: unknown type name 'inline'
__attribute__( ( always_inline ) ) __STATIC_INLINE void __WFE(void)
                                   ^
D:/Program Files/Keil5/ARM/CMSIS/Include\core_cm4.h(87): note: expanded from macro '__STATIC_INLINE'
  #define __STATIC_INLINE  static inline
                                  ^
../lib/src/stm32f37x_rcc.c(58): warning: In file included from...
../lib/inc\stm32f37x_rcc.h(38): warning: In file included from...
D:/Program Files/Keil5/ARM/INC/ST/STM32F37x\stm32f37x.h(239): warning: In file included from...
D:/Program Files/Keil5/ARM/CMSIS/Include\core_cm4.h(187): warning: In file included from...
D:/Program Files/Keil5/ARM/CMSIS/Include\core_cmInstr.h(344): error: unknown type name 'inline'
__attribute__( ( always_inline ) ) __STATIC_INLINE void __SEV(void)
                                   ^
D:/Program Files/Keil5/ARM/CMSIS/Include\core_cm4.h(87): note: expanded from macro '__STATIC_INLINE'
  #define __STATIC_INLINE  static inline
                                  ^
../lib/src/stm32f37x_rcc.c(58): warning: In file included from...
../lib/inc\stm32f37x_rcc.h(38): warning: In file included from...
D:/Program Files/Keil5/ARM/INC/ST/STM32F37x\stm32f37x.h(239): warning: In file included from...
D:/Program Files/Keil5/ARM/CMSIS/Include\core_cm4.h(187): warning: In file included from...
D:/Program Files/Keil5/ARM/CMSIS/Include\core_cmInstr.h(356): error: unknown type name 'inline'
__attribute__( ( always_inline ) ) __STATIC_INLINE void __ISB(void)
                                   ^
D:/Program Files/Keil5/ARM/CMSIS/Include\core_cm4.h(87): note: expanded from macro '__STATIC_INLINE'
  #define __STATIC_INLINE  static inline
                                  ^
../lib/src/stm32f37x_rcc.c(58): warning: In file included from...
../lib/inc\stm32f37x_rcc.h(38): warning: In file included from...
D:/Program Files/Keil5/ARM/INC/ST/STM32F37x\stm32f37x.h(239): warning: In file included from...
D:/Program Files/Keil5/ARM/CMSIS/Include\core_cm4.h(187): warning: In file included from...
D:/Program Files/Keil5/ARM/CMSIS/Include\core_cmInstr.h(367): error: unknown type name 'inline'
__attribute__( ( always_inline ) ) __STATIC_INLINE void __DSB(void)
                                   ^
D:/Program Files/Keil5/ARM/CMSIS/Include\core_cm4.h(87): note: expanded from macro '__STATIC_INLINE'
  #define __STATIC_INLINE  static inline
                                  ^
../lib/src/stm32f37x_rcc.c(58): warning: In file included from...
../lib/inc\stm32f37x_rcc.h(38): warning: In file included from...
D:/Program Files/Keil5/ARM/INC/ST/STM32F37x\stm32f37x.h(239): warning: In file included from...
D:/Program Files/Keil5/ARM/CMSIS/Include\core_cm4.h(187): warning: In file included from...
D:/Program Files/Keil5/ARM/CMSIS/Include\core_cmInstr.h(378): error: unknown type name 'inline'
__attribute__( ( always_inline ) ) __STATIC_INLINE void __DMB(void)
                                   ^
D:/Program Files/Keil5/ARM/CMSIS/Include\core_cm4.h(87): note: expanded from macro '__STATIC_INLINE'
  #define __STATIC_INLINE  static inline
                                  ^
../lib/src/stm32f37x_rcc.c(58): warning: In file included from...
../lib/inc\stm32f37x_rcc.h(38): warning: In file included from...
D:/Program Files/Keil5/ARM/INC/ST/STM32F37x\stm32f37x.h(239): warning: In file included from...
D:/Program Files/Keil5/ARM/CMSIS/Include\core_cm4.h(187): warning: In file included from...
D:/Program Files/Keil5/ARM/CMSIS/Include\core_cmInstr.h(391): error: unknown type name 'inline'
__attribute__( ( always_inline ) ) __STATIC_INLINE uint32_t __REV(uint32_t value)
                                   ^
D:/Program Files/Keil5/ARM/CMSIS/Include\core_cm4.h(87): note: expanded from macro '__STATIC_INLINE'
  #define __STATIC_INLINE  static inline
                                  ^
../lib/src/stm32f37x_rcc.c(58): warning: In file included from...
../lib/inc\stm32f37x_rcc.h(38): warning: In file included from...
D:/Program Files/Keil5/ARM/INC/ST/STM32F37x\stm32f37x.h(239): warning: In file included from...
D:/Program Files/Keil5/ARM/CMSIS/Include\core_cm4.h(187): warning: In file included from...
D:/Program Files/Keil5/ARM/CMSIS/Include\core_cmInstr.h(391): warning: 'always_inline' attribute only applies to functions [-Wignored-attributes]
__attribute__( ( always_inline ) ) __STATIC_INLINE uint32_t __REV(uint32_t value)
                 ^
D:/Program Files/Keil5/ARM/CMSIS/Include\core_cmInstr.h(391): error: expected ';' after top level declarator
__attribute__( ( always_inline ) ) __STATIC_INLINE uint32_t __REV(uint32_t value)
                                                           ^
                                                           ;
../lib/src/stm32f37x_rcc.c(58): warning: In file included from...
../lib/inc\stm32f37x_rcc.h(38): warning: In file included from...
D:/Program Files/Keil5/ARM/INC/ST/STM32F37x\stm32f37x.h(239): warning: In file included from...
D:/Program Files/Keil5/ARM/CMSIS/Include\core_cm4.h(1453): error: unknown type name 'inline'
__STATIC_INLINE void NVIC_SetPriorityGrouping(uint32_t PriorityGroup)
^
D:/Program Files/Keil5/ARM/CMSIS/Include\core_cm4.h(87): note: expanded from macro '__STATIC_INLINE'
  #define __STATIC_INLINE  static inline
                                  ^
D:/Program Files/Keil5/ARM/CMSIS/Include\core_cm4.h(1473): error: unknown type name 'inline'
__STATIC_INLINE uint32_t NVIC_GetPriorityGrouping(void)
^
D:/Program Files/Keil5/ARM/CMSIS/Include\core_cm4.h(87): note: expanded from macro '__STATIC_INLINE'
  #define __STATIC_INLINE  static inline
                                  ^
D:/Program Files/Keil5/ARM/CMSIS/Include\core_cm4.h(1473): error: expected ';' after top level declarator
__STATIC_INLINE uint32_t NVIC_GetPriorityGrouping(void)
                        ^
                        ;
D:/Program Files/Keil5/ARM/CMSIS/Include\core_cm4.h(1735): error: unknown type name 'inline'
__STATIC_INLINE uint32_t ITM_SendChar (uint32_t ch)
^
D:/Program Files/Keil5/ARM/CMSIS/Include\core_cm4.h(87): note: expanded from macro '__STATIC_INLINE'
  #define __STATIC_INLINE  static inline
                                  ^
D:/Program Files/Keil5/ARM/CMSIS/Include\core_cm4.h(1735): error: expected ';' after top level declarator
__STATIC_INLINE uint32_t ITM_SendChar (uint32_t ch)
                        ^
                        ;
1 warning and 14 errors generated.
compiling stm32f37x_rcc.c...
../lib/src/stm32f37x_syscfg.c(48): warning: In file included from...
../lib/inc\stm32f37x_syscfg.h(38): warning: In file included from...
D:/Program Files/Keil5/ARM/INC/ST/STM32F37x\stm32f37x.h(239): warning: In file included from...
D:/Program Files/Keil5/ARM/CMSIS/Include\core_cm4.h(187): warning: In file included from...
D:/Program Files/Keil5/ARM/CMSIS/Include\core_cmInstr.h(312): error: unknown type name 'inline'
__attribute__( ( always_inline ) ) __STATIC_INLINE void __NOP(void)
                                   ^
D:/Program Files/Keil5/ARM/CMSIS/Include\core_cm4.h(87): note: expanded from macro '__STATIC_INLINE'
  #define __STATIC_INLINE  static inline
                                  ^
../lib/src/stm32f37x_syscfg.c(48): warning: In file included from...
../lib/inc\stm32f37x_syscfg.h(38): warning: In file included from...
D:/Program Files/Keil5/ARM/INC/ST/STM32F37x\stm32f37x.h(239): warning: In file included from...
D:/Program Files/Keil5/ARM/CMSIS/Include\core_cm4.h(187): warning: In file included from...
D:/Program Files/Keil5/ARM/CMSIS/Include\core_cmInstr.h(323): error: unknown type name 'inline'
__attribute__( ( always_inline ) ) __STATIC_INLINE void __WFI(void)
                                   ^
D:/Program Files/Keil5/ARM/CMSIS/Include\core_cm4.h(87): note: expanded from macro '__STATIC_INLINE'
  #define __STATIC_INLINE  static inline
                                  ^
../lib/src/stm32f37x_syscfg.c(48): warning: In file included from...
../lib/inc\stm32f37x_syscfg.h(38): warning: In file included from...
D:/Program Files/Keil5/ARM/INC/ST/STM32F37x\stm32f37x.h(239): warning: In file included from...
D:/Program Files/Keil5/ARM/CMSIS/Include\core_cm4.h(187): warning: In file included from...
D:/Program Files/Keil5/ARM/CMSIS/Include\core_cmInstr.h(334): error: unknown type name 'inline'
__attribute__( ( always_inline ) ) __STATIC_INLINE void __WFE(void)
                                   ^
D:/Program Files/Keil5/ARM/CMSIS/Include\core_cm4.h(87): note: expanded from macro '__STATIC_INLINE'
  #define __STATIC_INLINE  static inline
                                  ^
../lib/src/stm32f37x_syscfg.c(48): warning: In file included from...
../lib/inc\stm32f37x_syscfg.h(38): warning: In file included from...
D:/Program Files/Keil5/ARM/INC/ST/STM32F37x\stm32f37x.h(239): warning: In file included from...
D:/Program Files/Keil5/ARM/CMSIS/Include\core_cm4.h(187): warning: In file included from...
D:/Program Files/Keil5/ARM/CMSIS/Include\core_cmInstr.h(344): error: unknown type name 'inline'
__attribute__( ( always_inline ) ) __STATIC_INLINE void __SEV(void)
                                   ^
D:/Program Files/Keil5/ARM/CMSIS/Include\core_cm4.h(87): note: expanded from macro '__STATIC_INLINE'
  #define __STATIC_INLINE  static inline
                                  ^
../lib/src/stm32f37x_syscfg.c(48): warning: In file included from...
../lib/inc\stm32f37x_syscfg.h(38): warning: In file included from...
D:/Program Files/Keil5/ARM/INC/ST/STM32F37x\stm32f37x.h(239): warning: In file included from...
D:/Program Files/Keil5/ARM/CMSIS/Include\core_cm4.h(187): warning: In file included from...
D:/Program Files/Keil5/ARM/CMSIS/Include\core_cmInstr.h(356): error: unknown type name 'inline'
__attribute__( ( always_inline ) ) __STATIC_INLINE void __ISB(void)
                                   ^
D:/Program Files/Keil5/ARM/CMSIS/Include\core_cm4.h(87): note: expanded from macro '__STATIC_INLINE'
  #define __STATIC_INLINE  static inline
                                  ^
../lib/src/stm32f37x_syscfg.c(48): warning: In file included from...
../lib/inc\stm32f37x_syscfg.h(38): warning: In file included from...
D:/Program Files/Keil5/ARM/INC/ST/STM32F37x\stm32f37x.h(239): warning: In file included from...
D:/Program Files/Keil5/ARM/CMSIS/Include\core_cm4.h(187): warning: In file included from...
D:/Program Files/Keil5/ARM/CMSIS/Include\core_cmInstr.h(367): error: unknown type name 'inline'
__attribute__( ( always_inline ) ) __STATIC_INLINE void __DSB(void)
                                   ^
D:/Program Files/Keil5/ARM/CMSIS/Include\core_cm4.h(87): note: expanded from macro '__STATIC_INLINE'
  #define __STATIC_INLINE  static inline
                                  ^
../lib/src/stm32f37x_syscfg.c(48): warning: In file included from...
../lib/inc\stm32f37x_syscfg.h(38): warning: In file included from...
D:/Program Files/Keil5/ARM/INC/ST/STM32F37x\stm32f37x.h(239): warning: In file included from...
D:/Program Files/Keil5/ARM/CMSIS/Include\core_cm4.h(187): warning: In file included from...
D:/Program Files/Keil5/ARM/CMSIS/Include\core_cmInstr.h(378): error: unknown type name 'inline'
__attribute__( ( always_inline ) ) __STATIC_INLINE void __DMB(void)
                                   ^
D:/Program Files/Keil5/ARM/CMSIS/Include\core_cm4.h(87): note: expanded from macro '__STATIC_INLINE'
  #define __STATIC_INLINE  static inline
                                  ^
../lib/src/stm32f37x_syscfg.c(48): warning: In file included from...
../lib/inc\stm32f37x_syscfg.h(38): warning: In file included from...
D:/Program Files/Keil5/ARM/INC/ST/STM32F37x\stm32f37x.h(239): warning: In file included from...
D:/Program Files/Keil5/ARM/CMSIS/Include\core_cm4.h(187): warning: In file included from...
D:/Program Files/Keil5/ARM/CMSIS/Include\core_cmInstr.h(391): error: unknown type name 'inline'
__attribute__( ( always_inline ) ) __STATIC_INLINE uint32_t __REV(uint32_t value)
                                   ^
D:/Program Files/Keil5/ARM/CMSIS/Include\core_cm4.h(87): note: expanded from macro '__STATIC_INLINE'
  #define __STATIC_INLINE  static inline
                                  ^
../lib/src/stm32f37x_syscfg.c(48): warning: In file included from...
../lib/inc\stm32f37x_syscfg.h(38): warning: In file included from...
D:/Program Files/Keil5/ARM/INC/ST/STM32F37x\stm32f37x.h(239): warning: In file included from...
D:/Program Files/Keil5/ARM/CMSIS/Include\core_cm4.h(187): warning: In file included from...
D:/Program Files/Keil5/ARM/CMSIS/Include\core_cmInstr.h(391): warning: 'always_inline' attribute only applies to functions [-Wignored-attributes]
__attribute__( ( always_inline ) ) __STATIC_INLINE uint32_t __REV(uint32_t value)
                 ^
D:/Program Files/Keil5/ARM/CMSIS/Include\core_cmInstr.h(391): error: expected ';' after top level declarator
__attribute__( ( always_inline ) ) __STATIC_INLINE uint32_t __REV(uint32_t value)
                                                           ^
                                                           ;
../lib/src/stm32f37x_syscfg.c(48): warning: In file included from...
../lib/inc\stm32f37x_syscfg.h(38): warning: In file included from...
D:/Program Files/Keil5/ARM/INC/ST/STM32F37x\stm32f37x.h(239): warning: In file included from...
D:/Program Files/Keil5/ARM/CMSIS/Include\core_cm4.h(1453): error: unknown type name 'inline'
__STATIC_INLINE void NVIC_SetPriorityGrouping(uint32_t PriorityGroup)
^
D:/Program Files/Keil5/ARM/CMSIS/Include\core_cm4.h(87): note: expanded from macro '__STATIC_INLINE'
  #define __STATIC_INLINE  static inline
                                  ^
D:/Program Files/Keil5/ARM/CMSIS/Include\core_cm4.h(1473): error: unknown type name 'inline'
__STATIC_INLINE uint32_t NVIC_GetPriorityGrouping(void)
^
D:/Program Files/Keil5/ARM/CMSIS/Include\core_cm4.h(87): note: expanded from macro '__STATIC_INLINE'
  #define __STATIC_INLINE  static inline
                                  ^
D:/Program Files/Keil5/ARM/CMSIS/Include\core_cm4.h(1473): error: expected ';' after top level declarator
__STATIC_INLINE uint32_t NVIC_GetPriorityGrouping(void)
                        ^
                        ;
D:/Program Files/Keil5/ARM/CMSIS/Include\core_cm4.h(1735): error: unknown type name 'inline'
__STATIC_INLINE uint32_t ITM_SendChar (uint32_t ch)
^
D:/Program Files/Keil5/ARM/CMSIS/Include\core_cm4.h(87): note: expanded from macro '__STATIC_INLINE'
  #define __STATIC_INLINE  static inline
                                  ^
D:/Program Files/Keil5/ARM/CMSIS/Include\core_cm4.h(1735): error: expected ';' after top level declarator
__STATIC_INLINE uint32_t ITM_SendChar (uint32_t ch)
                        ^
                        ;
1 warning and 14 errors generated.
compiling stm32f37x_syscfg.c...
../lib/src/stm32f37x_pwr.c(37): warning: In file included from...
../lib/inc\stm32f37x_pwr.h(38): warning: In file included from...
D:/Program Files/Keil5/ARM/INC/ST/STM32F37x\stm32f37x.h(239): warning: In file included from...
D:/Program Files/Keil5/ARM/CMSIS/Include\core_cm4.h(187): warning: In file included from...
D:/Program Files/Keil5/ARM/CMSIS/Include\core_cmInstr.h(312): error: unknown type name 'inline'
__attribute__( ( always_inline ) ) __STATIC_INLINE void __NOP(void)
                                   ^
D:/Program Files/Keil5/ARM/CMSIS/Include\core_cm4.h(87): note: expanded from macro '__STATIC_INLINE'
  #define __STATIC_INLINE  static inline
                                  ^
../lib/src/stm32f37x_pwr.c(37): warning: In file included from...
../lib/inc\stm32f37x_pwr.h(38): warning: In file included from...
D:/Program Files/Keil5/ARM/INC/ST/STM32F37x\stm32f37x.h(239): warning: In file included from...
D:/Program Files/Keil5/ARM/CMSIS/Include\core_cm4.h(187): warning: In file included from...
D:/Program Files/Keil5/ARM/CMSIS/Include\core_cmInstr.h(323): error: unknown type name 'inline'
__attribute__( ( always_inline ) ) __STATIC_INLINE void __WFI(void)
                                   ^
D:/Program Files/Keil5/ARM/CMSIS/Include\core_cm4.h(87): note: expanded from macro '__STATIC_INLINE'
  #define __STATIC_INLINE  static inline
                                  ^
../lib/src/stm32f37x_pwr.c(37): warning: In file included from...
../lib/inc\stm32f37x_pwr.h(38): warning: In file included from...
D:/Program Files/Keil5/ARM/INC/ST/STM32F37x\stm32f37x.h(239): warning: In file included from...
D:/Program Files/Keil5/ARM/CMSIS/Include\core_cm4.h(187): warning: In file included from...
D:/Program Files/Keil5/ARM/CMSIS/Include\core_cmInstr.h(334): error: unknown type name 'inline'
__attribute__( ( always_inline ) ) __STATIC_INLINE void __WFE(void)
                                   ^
D:/Program Files/Keil5/ARM/CMSIS/Include\core_cm4.h(87): note: expanded from macro '__STATIC_INLINE'
  #define __STATIC_INLINE  static inline
                                  ^
../lib/src/stm32f37x_pwr.c(37): warning: In file included from...
../lib/inc\stm32f37x_pwr.h(38): warning: In file included from...
D:/Program Files/Keil5/ARM/INC/ST/STM32F37x\stm32f37x.h(239): warning: In file included from...
D:/Program Files/Keil5/ARM/CMSIS/Include\core_cm4.h(187): warning: In file included from...
D:/Program Files/Keil5/ARM/CMSIS/Include\core_cmInstr.h(344): error: unknown type name 'inline'
__attribute__( ( always_inline ) ) __STATIC_INLINE void __SEV(void)
                                   ^
D:/Program Files/Keil5/ARM/CMSIS/Include\core_cm4.h(87): note: expanded from macro '__STATIC_INLINE'
  #define __STATIC_INLINE  static inline
                                  ^
../lib/src/stm32f37x_pwr.c(37): warning: In file included from...
../lib/inc\stm32f37x_pwr.h(38): warning: In file included from...
D:/Program Files/Keil5/ARM/INC/ST/STM32F37x\stm32f37x.h(239): warning: In file included from...
D:/Program Files/Keil5/ARM/CMSIS/Include\core_cm4.h(187): warning: In file included from...
D:/Program Files/Keil5/ARM/CMSIS/Include\core_cmInstr.h(356): error: unknown type name 'inline'
__attribute__( ( always_inline ) ) __STATIC_INLINE void __ISB(void)
                                   ^
D:/Program Files/Keil5/ARM/CMSIS/Include\core_cm4.h(87): note: expanded from macro '__STATIC_INLINE'
  #define __STATIC_INLINE  static inline
                                  ^
../lib/src/stm32f37x_pwr.c(37): warning: In file included from...
../lib/inc\stm32f37x_pwr.h(38): warning: In file included from...
D:/Program Files/Keil5/ARM/INC/ST/STM32F37x\stm32f37x.h(239): warning: In file included from...
D:/Program Files/Keil5/ARM/CMSIS/Include\core_cm4.h(187): warning: In file included from...
D:/Program Files/Keil5/ARM/CMSIS/Include\core_cmInstr.h(367): error: unknown type name 'inline'
__attribute__( ( always_inline ) ) __STATIC_INLINE void __DSB(void)
                                   ^
D:/Program Files/Keil5/ARM/CMSIS/Include\core_cm4.h(87): note: expanded from macro '__STATIC_INLINE'
  #define __STATIC_INLINE  static inline
                                  ^
../lib/src/stm32f37x_pwr.c(37): warning: In file included from...
../lib/inc\stm32f37x_pwr.h(38): warning: In file included from...
D:/Program Files/Keil5/ARM/INC/ST/STM32F37x\stm32f37x.h(239): warning: In file included from...
D:/Program Files/Keil5/ARM/CMSIS/Include\core_cm4.h(187): warning: In file included from...
D:/Program Files/Keil5/ARM/CMSIS/Include\core_cmInstr.h(378): error: unknown type name 'inline'
__attribute__( ( always_inline ) ) __STATIC_INLINE void __DMB(void)
                                   ^
D:/Program Files/Keil5/ARM/CMSIS/Include\core_cm4.h(87): note: expanded from macro '__STATIC_INLINE'
  #define __STATIC_INLINE  static inline
                                  ^
../lib/src/stm32f37x_pwr.c(37): warning: In file included from...
../lib/inc\stm32f37x_pwr.h(38): warning: In file included from...
D:/Program Files/Keil5/ARM/INC/ST/STM32F37x\stm32f37x.h(239): warning: In file included from...
D:/Program Files/Keil5/ARM/CMSIS/Include\core_cm4.h(187): warning: In file included from...
D:/Program Files/Keil5/ARM/CMSIS/Include\core_cmInstr.h(391): error: unknown type name 'inline'
__attribute__( ( always_inline ) ) __STATIC_INLINE uint32_t __REV(uint32_t value)
                                   ^
D:/Program Files/Keil5/ARM/CMSIS/Include\core_cm4.h(87): note: expanded from macro '__STATIC_INLINE'
  #define __STATIC_INLINE  static inline
                                  ^
../lib/src/stm32f37x_pwr.c(37): warning: In file included from...
../lib/inc\stm32f37x_pwr.h(38): warning: In file included from...
D:/Program Files/Keil5/ARM/INC/ST/STM32F37x\stm32f37x.h(239): warning: In file included from...
D:/Program Files/Keil5/ARM/CMSIS/Include\core_cm4.h(187): warning: In file included from...
D:/Program Files/Keil5/ARM/CMSIS/Include\core_cmInstr.h(391): warning: 'always_inline' attribute only applies to functions [-Wignored-attributes]
__attribute__( ( always_inline ) ) __STATIC_INLINE uint32_t __REV(uint32_t value)
                 ^
D:/Program Files/Keil5/ARM/CMSIS/Include\core_cmInstr.h(391): error: expected ';' after top level declarator
__attribute__( ( always_inline ) ) __STATIC_INLINE uint32_t __REV(uint32_t value)
                                                           ^
                                                           ;
../lib/src/stm32f37x_pwr.c(37): warning: In file included from...
../lib/inc\stm32f37x_pwr.h(38): warning: In file included from...
D:/Program Files/Keil5/ARM/INC/ST/STM32F37x\stm32f37x.h(239): warning: In file included from...
D:/Program Files/Keil5/ARM/CMSIS/Include\core_cm4.h(1453): error: unknown type name 'inline'
__STATIC_INLINE void NVIC_SetPriorityGrouping(uint32_t PriorityGroup)
^
D:/Program Files/Keil5/ARM/CMSIS/Include\core_cm4.h(87): note: expanded from macro '__STATIC_INLINE'
  #define __STATIC_INLINE  static inline
                                  ^
D:/Program Files/Keil5/ARM/CMSIS/Include\core_cm4.h(1473): error: unknown type name 'inline'
__STATIC_INLINE uint32_t NVIC_GetPriorityGrouping(void)
^
D:/Program Files/Keil5/ARM/CMSIS/Include\core_cm4.h(87): note: expanded from macro '__STATIC_INLINE'
  #define __STATIC_INLINE  static inline
                                  ^
D:/Program Files/Keil5/ARM/CMSIS/Include\core_cm4.h(1473): error: expected ';' after top level declarator
__STATIC_INLINE uint32_t NVIC_GetPriorityGrouping(void)
                        ^
                        ;
D:/Program Files/Keil5/ARM/CMSIS/Include\core_cm4.h(1735): error: unknown type name 'inline'
__STATIC_INLINE uint32_t ITM_SendChar (uint32_t ch)
^
D:/Program Files/Keil5/ARM/CMSIS/Include\core_cm4.h(87): note: expanded from macro '__STATIC_INLINE'
  #define __STATIC_INLINE  static inline
                                  ^
D:/Program Files/Keil5/ARM/CMSIS/Include\core_cm4.h(1735): error: expected ';' after top level declarator
__STATIC_INLINE uint32_t ITM_SendChar (uint32_t ch)
                        ^
                        ;
1 warning and 14 errors generated.
compiling stm32f37x_pwr.c...
../lib/src/stm32f37x_tim.c(117): warning: In file included from...
../lib/inc\stm32f37x_tim.h(38): warning: In file included from...
D:/Program Files/Keil5/ARM/INC/ST/STM32F37x\stm32f37x.h(239): warning: In file included from...
D:/Program Files/Keil5/ARM/CMSIS/Include\core_cm4.h(187): warning: In file included from...
D:/Program Files/Keil5/ARM/CMSIS/Include\core_cmInstr.h(312): error: unknown type name 'inline'
__attribute__( ( always_inline ) ) __STATIC_INLINE void __NOP(void)
                                   ^
D:/Program Files/Keil5/ARM/CMSIS/Include\core_cm4.h(87): note: expanded from macro '__STATIC_INLINE'
  #define __STATIC_INLINE  static inline
                                  ^
../lib/src/stm32f37x_tim.c(117): warning: In file included from...
../lib/inc\stm32f37x_tim.h(38): warning: In file included from...
D:/Program Files/Keil5/ARM/INC/ST/STM32F37x\stm32f37x.h(239): warning: In file included from...
D:/Program Files/Keil5/ARM/CMSIS/Include\core_cm4.h(187): warning: In file included from...
D:/Program Files/Keil5/ARM/CMSIS/Include\core_cmInstr.h(323): error: unknown type name 'inline'
__attribute__( ( always_inline ) ) __STATIC_INLINE void __WFI(void)
                                   ^
D:/Program Files/Keil5/ARM/CMSIS/Include\core_cm4.h(87): note: expanded from macro '__STATIC_INLINE'
  #define __STATIC_INLINE  static inline
                                  ^
../lib/src/stm32f37x_tim.c(117): warning: In file included from...
../lib/inc\stm32f37x_tim.h(38): warning: In file included from...
D:/Program Files/Keil5/ARM/INC/ST/STM32F37x\stm32f37x.h(239): warning: In file included from...
D:/Program Files/Keil5/ARM/CMSIS/Include\core_cm4.h(187): warning: In file included from...
D:/Program Files/Keil5/ARM/CMSIS/Include\core_cmInstr.h(334): error: unknown type name 'inline'
__attribute__( ( always_inline ) ) __STATIC_INLINE void __WFE(void)
                                   ^
D:/Program Files/Keil5/ARM/CMSIS/Include\core_cm4.h(87): note: expanded from macro '__STATIC_INLINE'
  #define __STATIC_INLINE  static inline
                                  ^
../lib/src/stm32f37x_tim.c(117): warning: In file included from...
../lib/inc\stm32f37x_tim.h(38): warning: In file included from...
D:/Program Files/Keil5/ARM/INC/ST/STM32F37x\stm32f37x.h(239): warning: In file included from...
D:/Program Files/Keil5/ARM/CMSIS/Include\core_cm4.h(187): warning: In file included from...
D:/Program Files/Keil5/ARM/CMSIS/Include\core_cmInstr.h(344): error: unknown type name 'inline'
__attribute__( ( always_inline ) ) __STATIC_INLINE void __SEV(void)
                                   ^
D:/Program Files/Keil5/ARM/CMSIS/Include\core_cm4.h(87): note: expanded from macro '__STATIC_INLINE'
  #define __STATIC_INLINE  static inline
                                  ^
../lib/src/stm32f37x_tim.c(117): warning: In file included from...
../lib/inc\stm32f37x_tim.h(38): warning: In file included from...
D:/Program Files/Keil5/ARM/INC/ST/STM32F37x\stm32f37x.h(239): warning: In file included from...
D:/Program Files/Keil5/ARM/CMSIS/Include\core_cm4.h(187): warning: In file included from...
D:/Program Files/Keil5/ARM/CMSIS/Include\core_cmInstr.h(356): error: unknown type name 'inline'
__attribute__( ( always_inline ) ) __STATIC_INLINE void __ISB(void)
                                   ^
D:/Program Files/Keil5/ARM/CMSIS/Include\core_cm4.h(87): note: expanded from macro '__STATIC_INLINE'
  #define __STATIC_INLINE  static inline
                                  ^
../lib/src/stm32f37x_tim.c(117): warning: In file included from...
../lib/inc\stm32f37x_tim.h(38): warning: In file included from...
D:/Program Files/Keil5/ARM/INC/ST/STM32F37x\stm32f37x.h(239): warning: In file included from...
D:/Program Files/Keil5/ARM/CMSIS/Include\core_cm4.h(187): warning: In file included from...
D:/Program Files/Keil5/ARM/CMSIS/Include\core_cmInstr.h(367): error: unknown type name 'inline'
__attribute__( ( always_inline ) ) __STATIC_INLINE void __DSB(void)
                                   ^
D:/Program Files/Keil5/ARM/CMSIS/Include\core_cm4.h(87): note: expanded from macro '__STATIC_INLINE'
  #define __STATIC_INLINE  static inline
                                  ^
../lib/src/stm32f37x_tim.c(117): warning: In file included from...
../lib/inc\stm32f37x_tim.h(38): warning: In file included from...
D:/Program Files/Keil5/ARM/INC/ST/STM32F37x\stm32f37x.h(239): warning: In file included from...
D:/Program Files/Keil5/ARM/CMSIS/Include\core_cm4.h(187): warning: In file included from...
D:/Program Files/Keil5/ARM/CMSIS/Include\core_cmInstr.h(378): error: unknown type name 'inline'
__attribute__( ( always_inline ) ) __STATIC_INLINE void __DMB(void)
                                   ^
D:/Program Files/Keil5/ARM/CMSIS/Include\core_cm4.h(87): note: expanded from macro '__STATIC_INLINE'
  #define __STATIC_INLINE  static inline
                                  ^
../lib/src/stm32f37x_tim.c(117): warning: In file included from...
../lib/inc\stm32f37x_tim.h(38): warning: In file included from...
D:/Program Files/Keil5/ARM/INC/ST/STM32F37x\stm32f37x.h(239): warning: In file included from...
D:/Program Files/Keil5/ARM/CMSIS/Include\core_cm4.h(187): warning: In file included from...
D:/Program Files/Keil5/ARM/CMSIS/Include\core_cmInstr.h(391): error: unknown type name 'inline'
__attribute__( ( always_inline ) ) __STATIC_INLINE uint32_t __REV(uint32_t value)
                                   ^
D:/Program Files/Keil5/ARM/CMSIS/Include\core_cm4.h(87): note: expanded from macro '__STATIC_INLINE'
  #define __STATIC_INLINE  static inline
                                  ^
../lib/src/stm32f37x_tim.c(117): warning: In file included from...
../lib/inc\stm32f37x_tim.h(38): warning: In file included from...
D:/Program Files/Keil5/ARM/INC/ST/STM32F37x\stm32f37x.h(239): warning: In file included from...
D:/Program Files/Keil5/ARM/CMSIS/Include\core_cm4.h(187): warning: In file included from...
D:/Program Files/Keil5/ARM/CMSIS/Include\core_cmInstr.h(391): warning: 'always_inline' attribute only applies to functions [-Wignored-attributes]
__attribute__( ( always_inline ) ) __STATIC_INLINE uint32_t __REV(uint32_t value)
                 ^
D:/Program Files/Keil5/ARM/CMSIS/Include\core_cmInstr.h(391): error: expected ';' after top level declarator
__attribute__( ( always_inline ) ) __STATIC_INLINE uint32_t __REV(uint32_t value)
                                                           ^
                                                           ;
../lib/src/stm32f37x_tim.c(117): warning: In file included from...
../lib/inc\stm32f37x_tim.h(38): warning: In file included from...
D:/Program Files/Keil5/ARM/INC/ST/STM32F37x\stm32f37x.h(239): warning: In file included from...
D:/Program Files/Keil5/ARM/CMSIS/Include\core_cm4.h(1453): error: unknown type name 'inline'
__STATIC_INLINE void NVIC_SetPriorityGrouping(uint32_t PriorityGroup)
^
D:/Program Files/Keil5/ARM/CMSIS/Include\core_cm4.h(87): note: expanded from macro '__STATIC_INLINE'
  #define __STATIC_INLINE  static inline
                                  ^
D:/Program Files/Keil5/ARM/CMSIS/Include\core_cm4.h(1473): error: unknown type name 'inline'
__STATIC_INLINE uint32_t NVIC_GetPriorityGrouping(void)
^
D:/Program Files/Keil5/ARM/CMSIS/Include\core_cm4.h(87): note: expanded from macro '__STATIC_INLINE'
  #define __STATIC_INLINE  static inline
                                  ^
D:/Program Files/Keil5/ARM/CMSIS/Include\core_cm4.h(1473): error: expected ';' after top level declarator
__STATIC_INLINE uint32_t NVIC_GetPriorityGrouping(void)
                        ^
                        ;
D:/Program Files/Keil5/ARM/CMSIS/Include\core_cm4.h(1735): error: unknown type name 'inline'
__STATIC_INLINE uint32_t ITM_SendChar (uint32_t ch)
^
D:/Program Files/Keil5/ARM/CMSIS/Include\core_cm4.h(87): note: expanded from macro '__STATIC_INLINE'
  #define __STATIC_INLINE  static inline
                                  ^
D:/Program Files/Keil5/ARM/CMSIS/Include\core_cm4.h(1735): error: expected ';' after top level declarator
__STATIC_INLINE uint32_t ITM_SendChar (uint32_t ch)
                        ^
                        ;
1 warning and 14 errors generated.
compiling stm32f37x_tim.c...
../lib/src/stm32f37x_spi.c(95): warning: In file included from...
../lib/inc\stm32f37x_spi.h(38): warning: In file included from...
D:/Program Files/Keil5/ARM/INC/ST/STM32F37x\stm32f37x.h(239): warning: In file included from...
D:/Program Files/Keil5/ARM/CMSIS/Include\core_cm4.h(187): warning: In file included from...
D:/Program Files/Keil5/ARM/CMSIS/Include\core_cmInstr.h(312): error: unknown type name 'inline'
__attribute__( ( always_inline ) ) __STATIC_INLINE void __NOP(void)
                                   ^
D:/Program Files/Keil5/ARM/CMSIS/Include\core_cm4.h(87): note: expanded from macro '__STATIC_INLINE'
  #define __STATIC_INLINE  static inline
                                  ^
../lib/src/stm32f37x_spi.c(95): warning: In file included from...
../lib/inc\stm32f37x_spi.h(38): warning: In file included from...
D:/Program Files/Keil5/ARM/INC/ST/STM32F37x\stm32f37x.h(239): warning: In file included from...
D:/Program Files/Keil5/ARM/CMSIS/Include\core_cm4.h(187): warning: In file included from...
D:/Program Files/Keil5/ARM/CMSIS/Include\core_cmInstr.h(323): error: unknown type name 'inline'
__attribute__( ( always_inline ) ) __STATIC_INLINE void __WFI(void)
                                   ^
D:/Program Files/Keil5/ARM/CMSIS/Include\core_cm4.h(87): note: expanded from macro '__STATIC_INLINE'
  #define __STATIC_INLINE  static inline
                                  ^
../lib/src/stm32f37x_spi.c(95): warning: In file included from...
../lib/inc\stm32f37x_spi.h(38): warning: In file included from...
D:/Program Files/Keil5/ARM/INC/ST/STM32F37x\stm32f37x.h(239): warning: In file included from...
D:/Program Files/Keil5/ARM/CMSIS/Include\core_cm4.h(187): warning: In file included from...
D:/Program Files/Keil5/ARM/CMSIS/Include\core_cmInstr.h(334): error: unknown type name 'inline'
__attribute__( ( always_inline ) ) __STATIC_INLINE void __WFE(void)
                                   ^
D:/Program Files/Keil5/ARM/CMSIS/Include\core_cm4.h(87): note: expanded from macro '__STATIC_INLINE'
  #define __STATIC_INLINE  static inline
                                  ^
../lib/src/stm32f37x_spi.c(95): warning: In file included from...
../lib/inc\stm32f37x_spi.h(38): warning: In file included from...
D:/Program Files/Keil5/ARM/INC/ST/STM32F37x\stm32f37x.h(239): warning: In file included from...
D:/Program Files/Keil5/ARM/CMSIS/Include\core_cm4.h(187): warning: In file included from...
D:/Program Files/Keil5/ARM/CMSIS/Include\core_cmInstr.h(344): error: unknown type name 'inline'
__attribute__( ( always_inline ) ) __STATIC_INLINE void __SEV(void)
                                   ^
D:/Program Files/Keil5/ARM/CMSIS/Include\core_cm4.h(87): note: expanded from macro '__STATIC_INLINE'
  #define __STATIC_INLINE  static inline
                                  ^
../lib/src/stm32f37x_spi.c(95): warning: In file included from...
../lib/inc\stm32f37x_spi.h(38): warning: In file included from...
D:/Program Files/Keil5/ARM/INC/ST/STM32F37x\stm32f37x.h(239): warning: In file included from...
D:/Program Files/Keil5/ARM/CMSIS/Include\core_cm4.h(187): warning: In file included from...
D:/Program Files/Keil5/ARM/CMSIS/Include\core_cmInstr.h(356): error: unknown type name 'inline'
__attribute__( ( always_inline ) ) __STATIC_INLINE void __ISB(void)
                                   ^
D:/Program Files/Keil5/ARM/CMSIS/Include\core_cm4.h(87): note: expanded from macro '__STATIC_INLINE'
  #define __STATIC_INLINE  static inline
                                  ^
../lib/src/stm32f37x_spi.c(95): warning: In file included from...
../lib/inc\stm32f37x_spi.h(38): warning: In file included from...
D:/Program Files/Keil5/ARM/INC/ST/STM32F37x\stm32f37x.h(239): warning: In file included from...
D:/Program Files/Keil5/ARM/CMSIS/Include\core_cm4.h(187): warning: In file included from...
D:/Program Files/Keil5/ARM/CMSIS/Include\core_cmInstr.h(367): error: unknown type name 'inline'
__attribute__( ( always_inline ) ) __STATIC_INLINE void __DSB(void)
                                   ^
D:/Program Files/Keil5/ARM/CMSIS/Include\core_cm4.h(87): note: expanded from macro '__STATIC_INLINE'
  #define __STATIC_INLINE  static inline
                                  ^
../lib/src/stm32f37x_spi.c(95): warning: In file included from...
../lib/inc\stm32f37x_spi.h(38): warning: In file included from...
D:/Program Files/Keil5/ARM/INC/ST/STM32F37x\stm32f37x.h(239): warning: In file included from...
D:/Program Files/Keil5/ARM/CMSIS/Include\core_cm4.h(187): warning: In file included from...
D:/Program Files/Keil5/ARM/CMSIS/Include\core_cmInstr.h(378): error: unknown type name 'inline'
__attribute__( ( always_inline ) ) __STATIC_INLINE void __DMB(void)
                                   ^
D:/Program Files/Keil5/ARM/CMSIS/Include\core_cm4.h(87): note: expanded from macro '__STATIC_INLINE'
  #define __STATIC_INLINE  static inline
                                  ^
../lib/src/stm32f37x_spi.c(95): warning: In file included from...
../lib/inc\stm32f37x_spi.h(38): warning: In file included from...
D:/Program Files/Keil5/ARM/INC/ST/STM32F37x\stm32f37x.h(239): warning: In file included from...
D:/Program Files/Keil5/ARM/CMSIS/Include\core_cm4.h(187): warning: In file included from...
D:/Program Files/Keil5/ARM/CMSIS/Include\core_cmInstr.h(391): error: unknown type name 'inline'
__attribute__( ( always_inline ) ) __STATIC_INLINE uint32_t __REV(uint32_t value)
                                   ^
D:/Program Files/Keil5/ARM/CMSIS/Include\core_cm4.h(87): note: expanded from macro '__STATIC_INLINE'
  #define __STATIC_INLINE  static inline
                                  ^
../lib/src/stm32f37x_spi.c(95): warning: In file included from...
../lib/inc\stm32f37x_spi.h(38): warning: In file included from...
D:/Program Files/Keil5/ARM/INC/ST/STM32F37x\stm32f37x.h(239): warning: In file included from...
D:/Program Files/Keil5/ARM/CMSIS/Include\core_cm4.h(187): warning: In file included from...
D:/Program Files/Keil5/ARM/CMSIS/Include\core_cmInstr.h(391): warning: 'always_inline' attribute only applies to functions [-Wignored-attributes]
__attribute__( ( always_inline ) ) __STATIC_INLINE uint32_t __REV(uint32_t value)
                 ^
D:/Program Files/Keil5/ARM/CMSIS/Include\core_cmInstr.h(391): error: expected ';' after top level declarator
__attribute__( ( always_inline ) ) __STATIC_INLINE uint32_t __REV(uint32_t value)
                                                           ^
                                                           ;
../lib/src/stm32f37x_spi.c(95): warning: In file included from...
../lib/inc\stm32f37x_spi.h(38): warning: In file included from...
D:/Program Files/Keil5/ARM/INC/ST/STM32F37x\stm32f37x.h(239): warning: In file included from...
D:/Program Files/Keil5/ARM/CMSIS/Include\core_cm4.h(1453): error: unknown type name 'inline'
__STATIC_INLINE void NVIC_SetPriorityGrouping(uint32_t PriorityGroup)
^
D:/Program Files/Keil5/ARM/CMSIS/Include\core_cm4.h(87): note: expanded from macro '__STATIC_INLINE'
  #define __STATIC_INLINE  static inline
                                  ^
D:/Program Files/Keil5/ARM/CMSIS/Include\core_cm4.h(1473): error: unknown type name 'inline'
__STATIC_INLINE uint32_t NVIC_GetPriorityGrouping(void)
^
D:/Program Files/Keil5/ARM/CMSIS/Include\core_cm4.h(87): note: expanded from macro '__STATIC_INLINE'
  #define __STATIC_INLINE  static inline
                                  ^
D:/Program Files/Keil5/ARM/CMSIS/Include\core_cm4.h(1473): error: expected ';' after top level declarator
__STATIC_INLINE uint32_t NVIC_GetPriorityGrouping(void)
                        ^
                        ;
D:/Program Files/Keil5/ARM/CMSIS/Include\core_cm4.h(1735): error: unknown type name 'inline'
__STATIC_INLINE uint32_t ITM_SendChar (uint32_t ch)
^
D:/Program Files/Keil5/ARM/CMSIS/Include\core_cm4.h(87): note: expanded from macro '__STATIC_INLINE'
  #define __STATIC_INLINE  static inline
                                  ^
D:/Program Files/Keil5/ARM/CMSIS/Include\core_cm4.h(1735): error: expected ';' after top level declarator
__STATIC_INLINE uint32_t ITM_SendChar (uint32_t ch)
                        ^
                        ;
1 warning and 14 errors generated.
compiling stm32f37x_spi.c...
../lib/src/stm32f37x_adc.c(84): warning: In file included from...
../lib/inc\stm32f37x_adc.h(38): warning: In file included from...
D:/Program Files/Keil5/ARM/INC/ST/STM32F37x\stm32f37x.h(239): warning: In file included from...
D:/Program Files/Keil5/ARM/CMSIS/Include\core_cm4.h(187): warning: In file included from...
D:/Program Files/Keil5/ARM/CMSIS/Include\core_cmInstr.h(312): error: unknown type name 'inline'
__attribute__( ( always_inline ) ) __STATIC_INLINE void __NOP(void)
                                   ^
D:/Program Files/Keil5/ARM/CMSIS/Include\core_cm4.h(87): note: expanded from macro '__STATIC_INLINE'
  #define __STATIC_INLINE  static inline
                                  ^
../lib/src/stm32f37x_adc.c(84): warning: In file included from...
../lib/inc\stm32f37x_adc.h(38): warning: In file included from...
D:/Program Files/Keil5/ARM/INC/ST/STM32F37x\stm32f37x.h(239): warning: In file included from...
D:/Program Files/Keil5/ARM/CMSIS/Include\core_cm4.h(187): warning: In file included from...
D:/Program Files/Keil5/ARM/CMSIS/Include\core_cmInstr.h(323): error: unknown type name 'inline'
__attribute__( ( always_inline ) ) __STATIC_INLINE void __WFI(void)
                                   ^
D:/Program Files/Keil5/ARM/CMSIS/Include\core_cm4.h(87): note: expanded from macro '__STATIC_INLINE'
  #define __STATIC_INLINE  static inline
                                  ^
../lib/src/stm32f37x_adc.c(84): warning: In file included from...
../lib/inc\stm32f37x_adc.h(38): warning: In file included from...
D:/Program Files/Keil5/ARM/INC/ST/STM32F37x\stm32f37x.h(239): warning: In file included from...
D:/Program Files/Keil5/ARM/CMSIS/Include\core_cm4.h(187): warning: In file included from...
D:/Program Files/Keil5/ARM/CMSIS/Include\core_cmInstr.h(334): error: unknown type name 'inline'
__attribute__( ( always_inline ) ) __STATIC_INLINE void __WFE(void)
                                   ^
D:/Program Files/Keil5/ARM/CMSIS/Include\core_cm4.h(87): note: expanded from macro '__STATIC_INLINE'
  #define __STATIC_INLINE  static inline
                                  ^
../lib/src/stm32f37x_adc.c(84): warning: In file included from...
../lib/inc\stm32f37x_adc.h(38): warning: In file included from...
D:/Program Files/Keil5/ARM/INC/ST/STM32F37x\stm32f37x.h(239): warning: In file included from...
D:/Program Files/Keil5/ARM/CMSIS/Include\core_cm4.h(187): warning: In file included from...
D:/Program Files/Keil5/ARM/CMSIS/Include\core_cmInstr.h(344): error: unknown type name 'inline'
__attribute__( ( always_inline ) ) __STATIC_INLINE void __SEV(void)
                                   ^
D:/Program Files/Keil5/ARM/CMSIS/Include\core_cm4.h(87): note: expanded from macro '__STATIC_INLINE'
  #define __STATIC_INLINE  static inline
                                  ^
../lib/src/stm32f37x_adc.c(84): warning: In file included from...
../lib/inc\stm32f37x_adc.h(38): warning: In file included from...
D:/Program Files/Keil5/ARM/INC/ST/STM32F37x\stm32f37x.h(239): warning: In file included from...
D:/Program Files/Keil5/ARM/CMSIS/Include\core_cm4.h(187): warning: In file included from...
D:/Program Files/Keil5/ARM/CMSIS/Include\core_cmInstr.h(356): error: unknown type name 'inline'
__attribute__( ( always_inline ) ) __STATIC_INLINE void __ISB(void)
                                   ^
D:/Program Files/Keil5/ARM/CMSIS/Include\core_cm4.h(87): note: expanded from macro '__STATIC_INLINE'
  #define __STATIC_INLINE  static inline
                                  ^
../lib/src/stm32f37x_adc.c(84): warning: In file included from...
../lib/inc\stm32f37x_adc.h(38): warning: In file included from...
D:/Program Files/Keil5/ARM/INC/ST/STM32F37x\stm32f37x.h(239): warning: In file included from...
D:/Program Files/Keil5/ARM/CMSIS/Include\core_cm4.h(187): warning: In file included from...
D:/Program Files/Keil5/ARM/CMSIS/Include\core_cmInstr.h(367): error: unknown type name 'inline'
__attribute__( ( always_inline ) ) __STATIC_INLINE void __DSB(void)
                                   ^
D:/Program Files/Keil5/ARM/CMSIS/Include\core_cm4.h(87): note: expanded from macro '__STATIC_INLINE'
  #define __STATIC_INLINE  static inline
                                  ^
../lib/src/stm32f37x_adc.c(84): warning: In file included from...
../lib/inc\stm32f37x_adc.h(38): warning: In file included from...
D:/Program Files/Keil5/ARM/INC/ST/STM32F37x\stm32f37x.h(239): warning: In file included from...
D:/Program Files/Keil5/ARM/CMSIS/Include\core_cm4.h(187): warning: In file included from...
D:/Program Files/Keil5/ARM/CMSIS/Include\core_cmInstr.h(378): error: unknown type name 'inline'
__attribute__( ( always_inline ) ) __STATIC_INLINE void __DMB(void)
                                   ^
D:/Program Files/Keil5/ARM/CMSIS/Include\core_cm4.h(87): note: expanded from macro '__STATIC_INLINE'
  #define __STATIC_INLINE  static inline
                                  ^
../lib/src/stm32f37x_adc.c(84): warning: In file included from...
../lib/inc\stm32f37x_adc.h(38): warning: In file included from...
D:/Program Files/Keil5/ARM/INC/ST/STM32F37x\stm32f37x.h(239): warning: In file included from...
D:/Program Files/Keil5/ARM/CMSIS/Include\core_cm4.h(187): warning: In file included from...
D:/Program Files/Keil5/ARM/CMSIS/Include\core_cmInstr.h(391): error: unknown type name 'inline'
__attribute__( ( always_inline ) ) __STATIC_INLINE uint32_t __REV(uint32_t value)
                                   ^
D:/Program Files/Keil5/ARM/CMSIS/Include\core_cm4.h(87): note: expanded from macro '__STATIC_INLINE'
  #define __STATIC_INLINE  static inline
                                  ^
../lib/src/stm32f37x_adc.c(84): warning: In file included from...
../lib/inc\stm32f37x_adc.h(38): warning: In file included from...
D:/Program Files/Keil5/ARM/INC/ST/STM32F37x\stm32f37x.h(239): warning: In file included from...
D:/Program Files/Keil5/ARM/CMSIS/Include\core_cm4.h(187): warning: In file included from...
D:/Program Files/Keil5/ARM/CMSIS/Include\core_cmInstr.h(391): warning: 'always_inline' attribute only applies to functions [-Wignored-attributes]
__attribute__( ( always_inline ) ) __STATIC_INLINE uint32_t __REV(uint32_t value)
                 ^
D:/Program Files/Keil5/ARM/CMSIS/Include\core_cmInstr.h(391): error: expected ';' after top level declarator
__attribute__( ( always_inline ) ) __STATIC_INLINE uint32_t __REV(uint32_t value)
                                                           ^
                                                           ;
../lib/src/stm32f37x_adc.c(84): warning: In file included from...
../lib/inc\stm32f37x_adc.h(38): warning: In file included from...
D:/Program Files/Keil5/ARM/INC/ST/STM32F37x\stm32f37x.h(239): warning: In file included from...
D:/Program Files/Keil5/ARM/CMSIS/Include\core_cm4.h(1453): error: unknown type name 'inline'
__STATIC_INLINE void NVIC_SetPriorityGrouping(uint32_t PriorityGroup)
^
D:/Program Files/Keil5/ARM/CMSIS/Include\core_cm4.h(87): note: expanded from macro '__STATIC_INLINE'
  #define __STATIC_INLINE  static inline
                                  ^
D:/Program Files/Keil5/ARM/CMSIS/Include\core_cm4.h(1473): error: unknown type name 'inline'
__STATIC_INLINE uint32_t NVIC_GetPriorityGrouping(void)
^
D:/Program Files/Keil5/ARM/CMSIS/Include\core_cm4.h(87): note: expanded from macro '__STATIC_INLINE'
  #define __STATIC_INLINE  static inline
                                  ^
D:/Program Files/Keil5/ARM/CMSIS/Include\core_cm4.h(1473): error: expected ';' after top level declarator
__STATIC_INLINE uint32_t NVIC_GetPriorityGrouping(void)
                        ^
                        ;
D:/Program Files/Keil5/ARM/CMSIS/Include\core_cm4.h(1735): error: unknown type name 'inline'
__STATIC_INLINE uint32_t ITM_SendChar (uint32_t ch)
^
D:/Program Files/Keil5/ARM/CMSIS/Include\core_cm4.h(87): note: expanded from macro '__STATIC_INLINE'
  #define __STATIC_INLINE  static inline
                                  ^
D:/Program Files/Keil5/ARM/CMSIS/Include\core_cm4.h(1735): error: expected ';' after top level declarator
__STATIC_INLINE uint32_t ITM_SendChar (uint32_t ch)
                        ^
                        ;
1 warning and 14 errors generated.
compiling stm32f37x_adc.c...
".\sdadc.axf" - 281 Error(s), 26 Warning(s).
Target not created.
Build Time Elapsed:  00:00:06
</pre>
</body>
</html>
